
synthesis -f "Blink_impl1_lattice.synproj"
synthesis:  version Diamond (64-bit) 3.13.0.56.2

Copyright (c) 1991-1994 by NeoCAD Inc. All rights reserved.
Copyright (c) 1995 AT&T Corp.   All rights reserved.
Copyright (c) 1995-2001 Lucent Technologies Inc.  All rights reserved.
Copyright (c) 2001 Agere Systems   All rights reserved.
Copyright (c) 2002-2023 Lattice Semiconductor Corporation,  All rights reserved.
Tue Jul 16 00:59:31 2024


Command Line:  synthesis -f Blink_impl1_lattice.synproj -gui -msgset C:/Users/Borna/Documents/Projects/FPGA/Blink/promote.xml 

    <postMsg mid="35002000" type="Info"    dynamic="0" navigation="0"  />
Synthesis options:
The -a option is ECP5U.
The -s option is 6.
The -t option is CABGA381.
The -d option is LFE5U-12F.
Using package CABGA381.
Using performance grade 6.
                                                          

##########################################################

### Lattice Family : ECP5U

### Device  : LFE5U-12F

### Package : CABGA381

### Speed   : 6

##########################################################

                                                          

    <postMsg mid="35001781" type="Info"    dynamic="0" navigation="0"  />
Optimization goal = Timing
Top-level module name = top.
Target frequency = 200.000000 MHz.
Maximum fanout = 1000.
Timing path count = 3
BRAM utilization = 100.000000 %
DSP usage = true
DSP utilization = 100.000000 %
fsm_encoding_style = auto
resolve_mixed_drivers = 0
fix_gated_clocks = 1

Mux style = Auto
Use Carry Chain = true
carry_chain_length = 0
Loop Limit = 1950.
Use IO Insertion = TRUE
Use IO Reg = AUTO

Resource Sharing = TRUE
Propagate Constants = TRUE
Remove Duplicate Registers = TRUE
force_gsr = auto
ROM style = auto
RAM style = auto
The -comp option is FALSE.
The -syn option is FALSE.
-p C:/Users/Borna/Documents/Projects/FPGA/Blink (searchpath added)
-p C:/lscc/diamond/3.13/ispfpga/sa5p00/data (searchpath added)
-p C:/Users/Borna/Documents/Projects/FPGA/Blink/impl1 (searchpath added)
-p C:/Users/Borna/Documents/Projects/FPGA/Blink (searchpath added)
Verilog design file = C:/Users/Borna/Documents/Projects/FPGA/Blink/blink.v
Verilog design file = C:/Users/Borna/Documents/Projects/FPGA/Blink/pll/lvdsClk/lvdsClk.v
Verilog design file = C:/Users/Borna/Documents/Projects/FPGA/Blink/pll/pll.v
NGD file = Blink_impl1.ngd
-sdc option: SDC file input not used.
-lpf option: Output file option is ON.
Hardtimer checking is enabled (default). The -dt option is not used.
The -r option is OFF. [ Remove LOC Properties is OFF. ]
Technology check ok...

Analyzing Verilog file C:/lscc/diamond/3.13/ispfpga/userware/NT/SYNTHESIS_HEADERS/ecp5u.v. VERI-1482
Compile design.
Compile Design Begin
Analyzing Verilog file c:/users/borna/documents/projects/fpga/blink/blink.v. VERI-1482
Analyzing Verilog file c:/users/borna/documents/projects/fpga/blink/pll/lvdsclk/lvdsclk.v. VERI-1482
Analyzing Verilog file c:/users/borna/documents/projects/fpga/blink/pll/pll.v. VERI-1482
Analyzing Verilog file C:/lscc/diamond/3.13/ispfpga/userware/NT/SYNTHESIS_HEADERS/ecp5u.v. VERI-1482
Top module name (Verilog): top
    <postMsg mid="35901018" type="Info"    dynamic="2" navigation="2" arg0="c:/users/borna/documents/projects/fpga/blink/blink.v(12): " arg1="top" arg2="c:/users/borna/documents/projects/fpga/blink/blink.v" arg3="12"  />
    <postMsg mid="35901018" type="Info"    dynamic="2" navigation="2" arg0="c:/users/borna/documents/projects/fpga/blink/pll/lvdsclk/lvdsclk.v(8): " arg1="lvdsClk" arg2="c:/users/borna/documents/projects/fpga/blink/pll/lvdsclk/lvdsclk.v" arg3="8"  />
    <postMsg mid="35901018" type="Info"    dynamic="2" navigation="2" arg0="C:/lscc/diamond/3.13/ispfpga/userware/NT/SYNTHESIS_HEADERS/ecp5u.v(278): " arg1="IB" arg2="C:/lscc/diamond/3.13/ispfpga/userware/NT/SYNTHESIS_HEADERS/ecp5u.v" arg3="278"  />
    <postMsg mid="35901018" type="Info"    dynamic="2" navigation="2" arg0="C:/lscc/diamond/3.13/ispfpga/userware/NT/SYNTHESIS_HEADERS/ecp5u.v(757): " arg1="VHI" arg2="C:/lscc/diamond/3.13/ispfpga/userware/NT/SYNTHESIS_HEADERS/ecp5u.v" arg3="757"  />
    <postMsg mid="35901018" type="Info"    dynamic="2" navigation="2" arg0="C:/lscc/diamond/3.13/ispfpga/userware/NT/SYNTHESIS_HEADERS/ecp5u.v(761): " arg1="VLO" arg2="C:/lscc/diamond/3.13/ispfpga/userware/NT/SYNTHESIS_HEADERS/ecp5u.v" arg3="761"  />
    <postMsg mid="35901018" type="Info"    dynamic="2" navigation="2" arg0="C:/lscc/diamond/3.13/ispfpga/userware/NT/SYNTHESIS_HEADERS/ecp5u.v(1696): " arg1="EHXPLLL(CLKFB_DIV=7,CLKOP_DIV=2,CLKOS_DIV=1,CLKOS2_DIV=1,CLKOS3_DIV=1,CLKOP_CPHASE=1,FEEDBK_PATH=&quot;USERCLOCK&quot;,CLKOP_TRIM_POL=&quot;FALLING&quot;,CLKOS_TRIM_POL=&quot;FALLING&quot;)" arg2="C:/lscc/diamond/3.13/ispfpga/userware/NT/SYNTHESIS_HEADERS/ecp5u.v" arg3="1696"  />
    <postMsg mid="35901018" type="Info"    dynamic="2" navigation="2" arg0="c:/users/borna/documents/projects/fpga/blink/blink.v(36): " arg1="parallelToLvds" arg2="c:/users/borna/documents/projects/fpga/blink/blink.v" arg3="36"  />
    <postMsg mid="35901209" type="Warning" dynamic="3" navigation="2" arg0="c:/users/borna/documents/projects/fpga/blink/blink.v(64): " arg1="32" arg2="1" arg3="c:/users/borna/documents/projects/fpga/blink/blink.v" arg4="64"  />
    <postMsg mid="35901209" type="Warning" dynamic="3" navigation="2" arg0="c:/users/borna/documents/projects/fpga/blink/blink.v(65): " arg1="32" arg2="1" arg3="c:/users/borna/documents/projects/fpga/blink/blink.v" arg4="65"  />
    <postMsg mid="35901209" type="Warning" dynamic="3" navigation="2" arg0="c:/users/borna/documents/projects/fpga/blink/blink.v(66): " arg1="32" arg2="1" arg3="c:/users/borna/documents/projects/fpga/blink/blink.v" arg4="66"  />
    <postMsg mid="35901209" type="Warning" dynamic="3" navigation="2" arg0="c:/users/borna/documents/projects/fpga/blink/blink.v(99): " arg1="32" arg2="4" arg3="c:/users/borna/documents/projects/fpga/blink/blink.v" arg4="99"  />
Last elaborated design is top()
Loading NGL library 'C:/lscc/diamond/3.13/ispfpga/sa5p00/data/sa5plib.ngl'...
Loading NGL library 'C:/lscc/diamond/3.13/ispfpga/xo2c00/data/xo2clib.ngl'...
Loading NGL library 'C:/lscc/diamond/3.13/ispfpga/mg5g00/data/mg5glib.ngl'...
Loading NGL library 'C:/lscc/diamond/3.13/ispfpga/or5g00/data/orc5glib.ngl'...
Loading device for application map from file 'sa5p25.nph' in environment: C:/lscc/diamond/3.13/ispfpga.
Package Status:                     Final          Version 1.44.
Top-level module name = top.
    <postMsg mid="35002005" type="Warning" dynamic="1" navigation="0" arg0="sw[3]"  />
    <postMsg mid="35002005" type="Warning" dynamic="1" navigation="0" arg0="pixelClock"  />



    <postMsg mid="35002005" type="Warning" dynamic="1" navigation="0" arg0="sw[3]"  />
    <postMsg mid="35002005" type="Warning" dynamic="1" navigation="0" arg0="pixelClock"  />
    <postMsg mid="35001263" type="Warning" dynamic="1" navigation="0" arg0="pllInClock"  />
Duplicate register/latch removal. \myParallelToLvds/lvdsTest1_i1 is a one-to-one match with \myParallelToLvds/lvdsTest2_i2.
Duplicate register/latch removal. \myParallelToLvds/lvdsTest2_i1 is a one-to-one match with \myParallelToLvds/lvdsTest3_i4.
GSR will not be inferred because no asynchronous signal was found in the netlist.
Applying 200.000000 MHz constraint to all clocks

    <postMsg mid="35001611" type="Warning" dynamic="0" navigation="0"  />
Results of NGD DRC are available in top_drc.log.
Loading NGL library 'C:/lscc/diamond/3.13/ispfpga/sa5p00/data/sa5plib.ngl'...
Loading NGL library 'C:/lscc/diamond/3.13/ispfpga/xo2c00/data/xo2clib.ngl'...
Loading NGL library 'C:/lscc/diamond/3.13/ispfpga/mg5g00/data/mg5glib.ngl'...
Loading NGL library 'C:/lscc/diamond/3.13/ispfpga/or5g00/data/orc5glib.ngl'...


Running DRC...

    <postMsg mid="1166052" type="Warning" dynamic="2" navigation="1" arg0="logical" arg1="sw[3]" arg2="sw[3]"  />
    <postMsg mid="1166064" type="Warning" dynamic="2" navigation="0" arg0="input" arg1="sw[3]"  />
    <postMsg mid="1166052" type="Warning" dynamic="2" navigation="1" arg0="logical" arg1="pixelClock" arg2="pixelClock"  />
    <postMsg mid="1166064" type="Warning" dynamic="2" navigation="0" arg0="input" arg1="pixelClock"  />
    <postMsg mid="1163101" type="Warning" dynamic="1" navigation="0" arg0="4"  />

Design Results:
     43 blocks expanded
completed the first expansion
All blocks are expanded and NGD expansion is successful.
Writing NGD file Blink_impl1.ngd.

################### Begin Area Report (top)######################
Number of register bits => 11 of 12687 (0 % )
EHXPLLL => 1
FD1S3AX => 7
FD1S3IX => 4
GSR => 1
IB => 7
LUT4 => 13
OB => 4
PFUMX => 3
################### End Area Report ##################

################### Begin Clock Report ######################
Clock Nets
Number of Clocks: 2
  Net : myLvdsPll/pllOutClock, loads : 12
  Net : buf_CLKI, loads : 1
Clock Enable Nets
Number of Clock Enables: 0
Top 0 highest fanout Clock Enables:
Highest fanout non-clock nets
Top 10 highest fanout non-clock nets:
  Net : myParallelToLvds/bitCounter_0, loads : 11
  Net : myParallelToLvds/bitCounter_1, loads : 10
  Net : myParallelToLvds/bitCounter_2, loads : 8
  Net : myParallelToLvds/bitCounter_3__N_15, loads : 4
  Net : myParallelToLvds/bitCounter_3, loads : 3
  Net : myParallelToLvds/lvdsTest2_1, loads : 3
  Net : myParallelToLvds/lvdsTest1_0, loads : 3
  Net : myParallelToLvds/lvdsTest1_6, loads : 2
  Net : sw_c_2, loads : 1
  Net : sw_c_1, loads : 1
################### End Clock Report ##################

Timing Report Summary
--------------
--------------------------------------------------------------------------------
Constraint                              |   Constraint|       Actual|Levels
--------------------------------------------------------------------------------
                                        |             |             |
create_clock -period 5.000000 -name     |             |             |
clk0 [get_nets pllOutClock]             |  200.000 MHz|  307.503 MHz|     2  
                                        |             |             |
--------------------------------------------------------------------------------


All constraints were met.


Peak Memory Usage: 72.598  MB

--------------------------------------------------------------
Elapsed CPU time for LSE flow : 0.156  secs
--------------------------------------------------------------

map -a "ECP5U" -p LFE5U-12F -t CABGA381 -s 6 -oc Industrial   "Blink_impl1.ngd" -o "Blink_impl1_map.ncd" -pr "Blink_impl1.prf" -mp "Blink_impl1.mrp" -lpf "C:/Users/Borna/Documents/Projects/FPGA/Blink/impl1/Blink_impl1.lpf" -lpf "C:/Users/Borna/Documents/Projects/FPGA/Blink/ulx3s_v20.lpf"             
map:  version Diamond (64-bit) 3.13.0.56.2

Copyright (c) 1991-1994 by NeoCAD Inc. All rights reserved.
Copyright (c) 1995 AT&T Corp.   All rights reserved.
Copyright (c) 1995-2001 Lucent Technologies Inc.  All rights reserved.
Copyright (c) 2001 Agere Systems   All rights reserved.
Copyright (c) 2002-2023 Lattice Semiconductor Corporation,  All rights reserved.
   Process the file: Blink_impl1.ngd
   Picdevice="LFE5U-12F"

   Pictype="CABGA381"

   Picspeed=6

   Remove unused logic

   Do not produce over sized NCDs.

Part used: LFE5U-12FCABGA381, Performance used: 6.

    <postMsg mid="1100523" type="Warning" dynamic="2" navigation="2" arg0="C:/Users/Borna/Documents/Projects/FPGA/Blink/ulx3s_v20.lpf(7): Semantic error in &quot;FREQUENCY PORT &quot;clk_25mhz&quot; 25.000000 MHz ;&quot;: " arg1="&quot;clk_25mhz&quot; matches no ports in the design. " arg2="C:/Users/Borna/Documents/Projects/FPGA/Blink/ulx3s_v20.lpf" arg3="7"  />
    <postMsg mid="1100679" type="Warning" dynamic="2" navigation="2" arg0="C:/Users/Borna/Documents/Projects/FPGA/Blink/ulx3s_v20.lpf(5): Semantic error in &quot;LOCATE COMP &quot;clk_25mhz&quot; SITE &quot;G2&quot; ;&quot;: " arg1="clk_25mhz" arg2="C:/Users/Borna/Documents/Projects/FPGA/Blink/ulx3s_v20.lpf" arg3="5"  />
    <postMsg mid="1100644" type="Warning" dynamic="2" navigation="2" arg0="C:/Users/Borna/Documents/Projects/FPGA/Blink/ulx3s_v20.lpf(6): Semantic error in &quot;IOBUF PORT &quot;clk_25mhz&quot; PULLMODE=NONE IO_TYPE=LVCMOS33 ;&quot;: " arg1="clk_25mhz" arg2="C:/Users/Borna/Documents/Projects/FPGA/Blink/ulx3s_v20.lpf" arg3="6"  />
    <postMsg mid="1100679" type="Warning" dynamic="2" navigation="2" arg0="C:/Users/Borna/Documents/Projects/FPGA/Blink/ulx3s_v20.lpf(14): Semantic error in &quot;LOCATE COMP &quot;ftdi_rxd&quot; SITE &quot;L4&quot; ;&quot;: " arg1="ftdi_rxd" arg2="C:/Users/Borna/Documents/Projects/FPGA/Blink/ulx3s_v20.lpf" arg3="14"  />
    <postMsg mid="1100679" type="Warning" dynamic="2" navigation="2" arg0="C:/Users/Borna/Documents/Projects/FPGA/Blink/ulx3s_v20.lpf(15): Semantic error in &quot;LOCATE COMP &quot;ftdi_txd&quot; SITE &quot;M1&quot; ;&quot;: " arg1="ftdi_txd" arg2="C:/Users/Borna/Documents/Projects/FPGA/Blink/ulx3s_v20.lpf" arg3="15"  />
    <postMsg mid="1100679" type="Warning" dynamic="2" navigation="2" arg0="C:/Users/Borna/Documents/Projects/FPGA/Blink/ulx3s_v20.lpf(16): Semantic error in &quot;LOCATE COMP &quot;ftdi_nrts&quot; SITE &quot;M3&quot; ;&quot;: " arg1="ftdi_nrts" arg2="C:/Users/Borna/Documents/Projects/FPGA/Blink/ulx3s_v20.lpf" arg3="16"  />
    <postMsg mid="1100679" type="Warning" dynamic="2" navigation="2" arg0="C:/Users/Borna/Documents/Projects/FPGA/Blink/ulx3s_v20.lpf(17): Semantic error in &quot;LOCATE COMP &quot;ftdi_ndtr&quot; SITE &quot;N1&quot; ;&quot;: " arg1="ftdi_ndtr" arg2="C:/Users/Borna/Documents/Projects/FPGA/Blink/ulx3s_v20.lpf" arg3="17"  />
    <postMsg mid="1100679" type="Warning" dynamic="2" navigation="2" arg0="C:/Users/Borna/Documents/Projects/FPGA/Blink/ulx3s_v20.lpf(18): Semantic error in &quot;LOCATE COMP &quot;ftdi_txden&quot; SITE &quot;L3&quot; ;&quot;: " arg1="ftdi_txden" arg2="C:/Users/Borna/Documents/Projects/FPGA/Blink/ulx3s_v20.lpf" arg3="18"  />
    <postMsg mid="1100644" type="Warning" dynamic="2" navigation="2" arg0="C:/Users/Borna/Documents/Projects/FPGA/Blink/ulx3s_v20.lpf(19): Semantic error in &quot;IOBUF PORT &quot;ftdi_rxd&quot; PULLMODE=UP IO_TYPE=LVCMOS33 DRIVE=4 ;&quot;: " arg1="ftdi_rxd" arg2="C:/Users/Borna/Documents/Projects/FPGA/Blink/ulx3s_v20.lpf" arg3="19"  />
    <postMsg mid="1100644" type="Warning" dynamic="2" navigation="2" arg0="C:/Users/Borna/Documents/Projects/FPGA/Blink/ulx3s_v20.lpf(20): Semantic error in &quot;IOBUF PORT &quot;ftdi_txd&quot; PULLMODE=UP IO_TYPE=LVCMOS33 ;&quot;: " arg1="ftdi_txd" arg2="C:/Users/Borna/Documents/Projects/FPGA/Blink/ulx3s_v20.lpf" arg3="20"  />
    <postMsg mid="1100644" type="Warning" dynamic="2" navigation="2" arg0="C:/Users/Borna/Documents/Projects/FPGA/Blink/ulx3s_v20.lpf(21): Semantic error in &quot;IOBUF PORT &quot;ftdi_nrts&quot; PULLMODE=UP IO_TYPE=LVCMOS33 ;&quot;: " arg1="ftdi_nrts" arg2="C:/Users/Borna/Documents/Projects/FPGA/Blink/ulx3s_v20.lpf" arg3="21"  />
    <postMsg mid="1100644" type="Warning" dynamic="2" navigation="2" arg0="C:/Users/Borna/Documents/Projects/FPGA/Blink/ulx3s_v20.lpf(22): Semantic error in &quot;IOBUF PORT &quot;ftdi_ndtr&quot; PULLMODE=UP IO_TYPE=LVCMOS33 ;&quot;: " arg1="ftdi_ndtr" arg2="C:/Users/Borna/Documents/Projects/FPGA/Blink/ulx3s_v20.lpf" arg3="22"  />
    <postMsg mid="1100644" type="Warning" dynamic="2" navigation="2" arg0="C:/Users/Borna/Documents/Projects/FPGA/Blink/ulx3s_v20.lpf(23): Semantic error in &quot;IOBUF PORT &quot;ftdi_txden&quot; PULLMODE=UP IO_TYPE=LVCMOS33 ;&quot;: " arg1="ftdi_txden" arg2="C:/Users/Borna/Documents/Projects/FPGA/Blink/ulx3s_v20.lpf" arg3="23"  />
    <postMsg mid="1100644" type="Warning" dynamic="2" navigation="2" arg0="C:/Users/Borna/Documents/Projects/FPGA/Blink/ulx3s_v20.lpf(32): Semantic error in &quot;IOBUF PORT &quot;sw[3]&quot; PULLMODE=DOWN IO_TYPE=LVCMOS33 DRIVE=4 ;&quot;: " arg1="sw[3]" arg2="C:/Users/Borna/Documents/Projects/FPGA/Blink/ulx3s_v20.lpf" arg3="32"  />
    <postMsg mid="1100644" type="Warning" dynamic="2" navigation="2" arg0="C:/Users/Borna/Documents/Projects/FPGA/Blink/ulx3s_v20.lpf(51): Semantic error in &quot;IOBUF PORT &quot;pixelClock&quot; IO_TYPE=LVCMOS33 ;&quot;: " arg1="pixelClock" arg2="C:/Users/Borna/Documents/Projects/FPGA/Blink/ulx3s_v20.lpf" arg3="51"  />
Loading device for application map from file 'sa5p25.nph' in environment: C:/lscc/diamond/3.13/ispfpga.
Package Status:                     Final          Version 1.44.

    <postMsg mid="52101275" type="Warning" dynamic="3" navigation="0" arg0="DRIVE" arg1="4" arg2="sw_pad_2/IOBUF"  />
    <postMsg mid="52101275" type="Warning" dynamic="3" navigation="0" arg0="DRIVE" arg1="4" arg2="sw_pad_0/IOBUF"  />
    <postMsg mid="52101275" type="Warning" dynamic="3" navigation="0" arg0="DRIVE" arg1="4" arg2="sw_pad_1/IOBUF"  />
Running general design DRC...

    <postMsg mid="1166064" type="Warning" dynamic="2" navigation="0" arg0="input" arg1="sw[3]"  />
    <postMsg mid="1166064" type="Warning" dynamic="2" navigation="0" arg0="input" arg1="pixelClock"  />
Removing unused logic...

Optimizing...

    <postMsg mid="51001046" type="Warning" dynamic="1" navigation="0" arg0="sw[3:0](3)"  />
    <postMsg mid="51001046" type="Warning" dynamic="1" navigation="0" arg0="pixelClock"  />



Design Summary:
   Number of registers:     11 out of 12687 (0%)
      PFU registers:           11 out of 12096 (0%)
      PIO registers:            0 out of   591 (0%)
   Number of SLICEs:        12 out of  6048 (0%)
      SLICEs as Logic/ROM:     12 out of  6048 (0%)
      SLICEs as RAM:            0 out of  4536 (0%)
      SLICEs as Carry:          0 out of  6048 (0%)
   Number of LUT4s:         14 out of 12096 (0%)
      Number used as logic LUTs:         14
      Number used as distributed RAM:     0
      Number used as ripple logic:        0
      Number used as shift registers:     0
   Number of PIO sites used: 15 out of 197 (8%)
      Number of PIO sites used for single ended IOs: 7
      Number of PIO sites used for differential IOs: 8 (represented by 4 PIO comps in NCD)
   Number of block RAMs:  0 out of 32 (0%)
   Number of GSRs:  0 out of 1 (0%)
   JTAG used :      No
   Readback used :  No
   Oscillator used :  No
   Startup used :   No
   DTR used :   No
   Number of Dynamic Bank Controller (BCINRD):  0 out of 4 (0%)
   Number of Dynamic Bank Controller (BCLVDSOB):  0 out of 4 (0%)
   Number of DCC:  0 out of 60 (0%)
   Number of DCS:  0 out of 2 (0%)
   Number of PLLs:  1 out of 2 (50%)
   Number of DDRDLLs:  0 out of 4 (0%)
   Number of CLKDIV:  0 out of 4 (0%)
   Number of ECLKSYNC:  0 out of 10 (0%)
   Number of ECLKBRIDGECS:  0 out of 2 (0%)
   Notes:-
      1. Total number of LUT4s = (Number of logic LUT4s) + 2*(Number of distributed RAMs) + 2*(Number of ripple logic)
      2. Number of logic LUT4s does not include count of distributed RAM and ripple logic.

   Number Of Mapped DSP Components:
   --------------------------------
   MULT18X18D          0
   MULT9X9D            0
   ALU54B              0
   ALU24B              0
   PRADD18A            0
   PRADD9A             0
   --------------------------------
   Number of Used DSP MULT Sites:  0 out of 56 (0 %)
   Number of Used DSP ALU Sites:  0 out of 28 (0 %)
   Number of Used DSP PRADD Sites:  0 out of 56 (0 %)
   Number of clocks:  2
     Net pllOutClock: 8 loads, 8 rising, 0 falling (Driver: myLvdsPll/PLLInst_0 )
     Net buf_CLKI: 1 loads, 1 rising, 0 falling (Driver: PIO pllInClock )
   Number of Clock Enables:  0
   Number of LSRs:  1
     Net myParallelToLvds/bitCounter_3__N_15: 2 loads, 2 LSLICEs
   Number of nets driven by tri-state buffers:  0
   Top 10 highest fanout non-clock nets:
     Net myParallelToLvds/bitCounter_0: 11 loads
     Net myParallelToLvds/bitCounter_1: 10 loads
     Net myParallelToLvds/bitCounter_2: 8 loads
     Net myParallelToLvds/bitCounter_3: 3 loads
     Net myParallelToLvds/lvdsTest1_0: 3 loads
     Net myParallelToLvds/lvdsTest2_1: 3 loads
     Net myParallelToLvds/bitCounter_3__N_15: 2 loads
     Net myParallelToLvds/lvdsTest1_6: 2 loads
     Net myParallelToLvds/lvdsClock_N_17: 1 loads
     Net myParallelToLvds/lvdsTest3_2: 1 loads
 

   Number of warnings:  22
   Number of errors:    0



Total CPU Time: 0 secs  
Total REAL Time: 0 secs  
Peak Memory Usage: 108 MB

Dumping design to file Blink_impl1_map.ncd.

ncd2vdb "Blink_impl1_map.ncd" ".vdbs/Blink_impl1_map.vdb"

Loading device for application ncd2vdb from file 'sa5p25.nph' in environment: C:/lscc/diamond/3.13/ispfpga.

trce -f "Blink_impl1.mt" -o "Blink_impl1.tw1" "Blink_impl1_map.ncd" "Blink_impl1.prf"
trce:  version Diamond (64-bit) 3.13.0.56.2

Copyright (c) 1991-1994 by NeoCAD Inc. All rights reserved.
Copyright (c) 1995 AT&T Corp.   All rights reserved.
Copyright (c) 1995-2001 Lucent Technologies Inc.  All rights reserved.
Copyright (c) 2001 Agere Systems   All rights reserved.
Copyright (c) 2002-2023 Lattice Semiconductor Corporation,  All rights reserved.

Loading design for application trce from file blink_impl1_map.ncd.
Design name: top
NCD version: 3.3
Vendor:      LATTICE
Device:      LFE5U-12F
Package:     CABGA381
Performance: 6
Loading device for application trce from file 'sa5p25.nph' in environment: C:/lscc/diamond/3.13/ispfpga.
Package Status:                     Final          Version 1.44.
Performance Hardware Data Status:   Final          Version 55.1.
Setup and Hold Report

--------------------------------------------------------------------------------
Lattice TRACE Report - Setup, Version Diamond (64-bit) 3.13.0.56.2
Tue Jul 16 00:59:33 2024

Copyright (c) 1991-1994 by NeoCAD Inc. All rights reserved.
Copyright (c) 1995 AT&T Corp.   All rights reserved.
Copyright (c) 1995-2001 Lucent Technologies Inc.  All rights reserved.
Copyright (c) 2001 Agere Systems   All rights reserved.
Copyright (c) 2002-2023 Lattice Semiconductor Corporation,  All rights reserved.

Report Information
------------------
Command line:    trce -v 1 -gt -mapchkpnt 0 -sethld -o Blink_impl1.tw1 -gui -msgset C:/Users/Borna/Documents/Projects/FPGA/Blink/promote.xml Blink_impl1_map.ncd Blink_impl1.prf 
Design file:     blink_impl1_map.ncd
Preference file: blink_impl1.prf
Device,speed:    LFE5U-12F,6
Report level:    verbose report, limited to 1 item per preference
--------------------------------------------------------------------------------

BLOCK ASYNCPATHS
BLOCK RESETPATHS
--------------------------------------------------------------------------------



Timing summary (Setup):
---------------

Timing errors: 0  Score: 0
Cumulative negative slack: 0

Constraints cover 22 paths, 2 nets, and 30 connections (42.25% coverage)

--------------------------------------------------------------------------------
Lattice TRACE Report - Hold, Version Diamond (64-bit) 3.13.0.56.2
Tue Jul 16 00:59:33 2024

Copyright (c) 1991-1994 by NeoCAD Inc. All rights reserved.
Copyright (c) 1995 AT&T Corp.   All rights reserved.
Copyright (c) 1995-2001 Lucent Technologies Inc.  All rights reserved.
Copyright (c) 2001 Agere Systems   All rights reserved.
Copyright (c) 2002-2023 Lattice Semiconductor Corporation,  All rights reserved.

Report Information
------------------
Command line:    trce -v 1 -gt -mapchkpnt 0 -sethld -o Blink_impl1.tw1 -gui -msgset C:/Users/Borna/Documents/Projects/FPGA/Blink/promote.xml Blink_impl1_map.ncd Blink_impl1.prf 
Design file:     blink_impl1_map.ncd
Preference file: blink_impl1.prf
Device,speed:    LFE5U-12F,M
Report level:    verbose report, limited to 1 item per preference
--------------------------------------------------------------------------------

BLOCK ASYNCPATHS
BLOCK RESETPATHS
--------------------------------------------------------------------------------



Timing summary (Hold):
---------------

Timing errors: 0  Score: 0
Cumulative negative slack: 0

Constraints cover 22 paths, 2 nets, and 30 connections (42.25% coverage)



Timing summary (Setup and Hold):
---------------

Timing errors: 0 (setup), 0 (hold)
Score: 0 (setup), 0 (hold)
Cumulative negative slack: 0 (0+0)
--------------------------------------------------------------------------------

--------------------------------------------------------------------------------

Total CPU Time: 0 secs 
Total REAL Time: 0 secs 
Peak Memory Usage: 163 MB


mpartrce -p "Blink_impl1.p2t" -f "Blink_impl1.p3t" -tf "Blink_impl1.pt" "Blink_impl1_map.ncd" "Blink_impl1.ncd"

---- MParTrce Tool ----
Removing old design directory at request of -rem command line option to this program.
Running par. Please wait . . .

Lattice Place and Route Report for Design "Blink_impl1_map.ncd"
Tue Jul 16 00:59:33 2024

PAR: Place And Route Diamond (64-bit) 3.13.0.56.2.
Command Line: par -w -l 5 -i 6 -t 1 -c 0 -e 0 -gui -msgset C:/Users/Borna/Documents/Projects/FPGA/Blink/promote.xml -exp parUseNBR=1:parCDP=auto:parCDR=1:parPathBased=OFF:parASE=1:par_low_skew_clock_net=0 Blink_impl1_map.ncd Blink_impl1.dir/5_1.ncd Blink_impl1.prf
Preference file: Blink_impl1.prf.
Placement level-cost: 5-1.
Routing Iterations: 6

Loading design for application par from file Blink_impl1_map.ncd.
Design name: top
NCD version: 3.3
Vendor:      LATTICE
Device:      LFE5U-12F
Package:     CABGA381
Performance: 6
Loading device for application par from file 'sa5p25.nph' in environment: C:/lscc/diamond/3.13/ispfpga.
Package Status:                     Final          Version 1.44.
Performance Hardware Data Status:   Final          Version 55.1.
License checked out.


Ignore Preference Error(s):  True
Device utilization summary:

   PIO (prelim)      15/197           7% used
                     15/197           7% bonded

   SLICE             12/6048         <1% used

   PLL                1/2            50% used


Number of Signals: 30
Number of Connections: 71

Pin Constraint Summary:
   11 out of 11 pins locked (100% locked).

INFO: CLKI 'pllInClock' at B11 driving 'myLvdsPll/PLLInst_0' must use PCLK.
The following 2 signals are selected to use the primary clock routing resources:
    pllOutClock (driver: myLvdsPll/PLLInst_0, clk/ce/sr load #: 8/0/0)
    buf_CLKI (driver: pllInClock, clk/ce/sr load #: 1/0/0)


No signal is selected as Global Set/Reset.
Starting Placer Phase 0.

Finished Placer Phase 0.  REAL time: 0 secs 

Starting Placer Phase 1.
...................
Placer score = 15423.
Finished Placer Phase 1.  REAL time: 2 secs 

Starting Placer Phase 2.
.
Placer score =  15384
Finished Placer Phase 2.  REAL time: 2 secs 


------------------ Clock Report ------------------

Global Clock Resources:
  CLK_PIN    : 1 out of 12 (8%)
  GR_PCLK    : 0 out of 12 (0%)
  PLL        : 1 out of 2 (50%)
  DCS        : 0 out of 2 (0%)
  DCC        : 0 out of 60 (0%)
  CLKDIV     : 0 out of 4 (0%)

Quadrant TL Clocks:
  PRIMARY "pllOutClock" from CLKOP on comp "myLvdsPll/PLLInst_0" on PLL site "PLL_BL0", CLK/CE/SR load = 7

  PRIMARY  : 1 out of 16 (6%)

Quadrant TR Clocks:

  PRIMARY  : 0 out of 16 (0%)

Quadrant BL Clocks:
  PRIMARY "pllOutClock" from CLKOP on comp "myLvdsPll/PLLInst_0" on PLL site "PLL_BL0", CLK/CE/SR load = 1
  PRIMARY "buf_CLKI" from comp "pllInClock" on CLK_PIN site "B11 (PT29A)", CLK/CE/SR load = 1

  PRIMARY  : 2 out of 16 (12%)

Quadrant BR Clocks:

  PRIMARY  : 0 out of 16 (0%)

Edge Clocks:

  No edge clock selected.


--------------- End of Clock Report ---------------


+
I/O Usage Summary (final):
   15 out of 197 (7.6%) PIO sites used.
   15 out of 197 (7.6%) bonded PIO sites used.
   Number of PIO comps: 11; differential: 4.
   Number of Vref pins used: 0.

I/O Bank Usage Summary:
+----------+---------------+------------+------------+------------+
| I/O Bank | Usage         | Bank Vccio | Bank Vref1 | Bank Vref2 |
+----------+---------------+------------+------------+------------+
| 0        | 7 / 24 ( 29%) | 3.3V       | -          | -          |
| 1        | 0 / 32 (  0%) | -          | -          | -          |
| 2        | 4 / 32 ( 12%) | 2.5V       | -          | -          |
| 3        | 0 / 32 (  0%) | -          | -          | -          |
| 6        | 0 / 32 (  0%) | -          | -          | -          |
| 7        | 4 / 32 ( 12%) | 2.5V       | -          | -          |
| 8        | 0 / 13 (  0%) | -          | -          | -          |
+----------+---------------+------------+------------+------------+

Total placer CPU time: 2 secs 

Dumping design to file Blink_impl1.dir/5_1.ncd.

0 connections routed; 71 unrouted.
Starting router resource preassignment

Completed router resource preassignment. Real time: 4 secs 

Start NBR router at 00:59:37 07/16/24

*****************************************************************
Info: NBR allows conflicts(one node used by more than one signal)
      in the earlier iterations. In each iteration, it tries to  
      solve the conflicts while keeping the critical connections 
      routed as short as possible. The routing process is said to
      be completed when no conflicts exist and all connections   
      are routed.                                                
Note: NBR uses a different method to calculate timing slacks. The
      worst slack and total negative slack may not be the same as
      that in TRCE report. You should always run TRCE to verify  
      your design.                                               
*****************************************************************

Start NBR special constraint process at 00:59:37 07/16/24

Start NBR section for initial routing at 00:59:37 07/16/24
Level 1, iteration 1
2(0.00%) conflicts; 53(74.65%) untouched conns; 0 (nbr) score; 
Estimated worst slack/total negative slack<setup>: 0.754ns/0.000ns; real time: 4 secs 
Level 2, iteration 1
2(0.00%) conflicts; 51(71.83%) untouched conns; 0 (nbr) score; 
Estimated worst slack/total negative slack<setup>: 0.864ns/0.000ns; real time: 4 secs 
Level 3, iteration 1
2(0.00%) conflicts; 37(52.11%) untouched conns; 0 (nbr) score; 
Estimated worst slack/total negative slack<setup>: 0.844ns/0.000ns; real time: 4 secs 
Level 4, iteration 1
3(0.00%) conflicts; 0(0.00%) untouched conn; 0 (nbr) score; 
Estimated worst slack/total negative slack<setup>: 0.844ns/0.000ns; real time: 4 secs 

Info: Initial congestion level at 75% usage is 0
Info: Initial congestion area  at 75% usage is 0 (0.00%)

Start NBR section for normal routing at 00:59:37 07/16/24
Level 1, iteration 1
2(0.00%) conflicts; 1(1.41%) untouched conn; 0 (nbr) score; 
Estimated worst slack/total negative slack<setup>: 0.844ns/0.000ns; real time: 4 secs 
Level 2, iteration 1
2(0.00%) conflicts; 1(1.41%) untouched conn; 0 (nbr) score; 
Estimated worst slack/total negative slack<setup>: 0.844ns/0.000ns; real time: 4 secs 
Level 3, iteration 1
2(0.00%) conflicts; 1(1.41%) untouched conn; 0 (nbr) score; 
Estimated worst slack/total negative slack<setup>: 0.844ns/0.000ns; real time: 4 secs 
Level 4, iteration 1
3(0.00%) conflicts; 0(0.00%) untouched conn; 0 (nbr) score; 
Estimated worst slack/total negative slack<setup>: 0.844ns/0.000ns; real time: 4 secs 
Level 4, iteration 2
2(0.00%) conflicts; 0(0.00%) untouched conn; 0 (nbr) score; 
Estimated worst slack/total negative slack<setup>: 0.844ns/0.000ns; real time: 4 secs 
Level 4, iteration 3
3(0.00%) conflicts; 0(0.00%) untouched conn; 0 (nbr) score; 
Estimated worst slack/total negative slack<setup>: 0.836ns/0.000ns; real time: 4 secs 
Level 4, iteration 4
2(0.00%) conflicts; 0(0.00%) untouched conn; 0 (nbr) score; 
Estimated worst slack/total negative slack<setup>: 0.836ns/0.000ns; real time: 4 secs 
Level 4, iteration 5
2(0.00%) conflicts; 0(0.00%) untouched conn; 0 (nbr) score; 
Estimated worst slack/total negative slack<setup>: 0.836ns/0.000ns; real time: 4 secs 
Level 4, iteration 6
2(0.00%) conflicts; 0(0.00%) untouched conn; 0 (nbr) score; 
Estimated worst slack/total negative slack<setup>: 0.836ns/0.000ns; real time: 4 secs 
Level 4, iteration 7
2(0.00%) conflicts; 0(0.00%) untouched conn; 0 (nbr) score; 
Estimated worst slack/total negative slack<setup>: 0.836ns/0.000ns; real time: 4 secs 
Level 4, iteration 8
2(0.00%) conflicts; 0(0.00%) untouched conn; 0 (nbr) score; 
Estimated worst slack/total negative slack<setup>: 0.836ns/0.000ns; real time: 4 secs 
Level 4, iteration 9
2(0.00%) conflicts; 0(0.00%) untouched conn; 0 (nbr) score; 
Estimated worst slack/total negative slack<setup>: 0.836ns/0.000ns; real time: 4 secs 
Level 4, iteration 10
2(0.00%) conflicts; 0(0.00%) untouched conn; 0 (nbr) score; 
Estimated worst slack/total negative slack<setup>: 0.836ns/0.000ns; real time: 4 secs 
Level 4, iteration 11
1(0.00%) conflict; 0(0.00%) untouched conn; 0 (nbr) score; 
Estimated worst slack/total negative slack<setup>: 0.660ns/0.000ns; real time: 4 secs 
Level 4, iteration 12
0(0.00%) conflict; 0(0.00%) untouched conn; 0 (nbr) score; 
Estimated worst slack/total negative slack<setup>: 0.660ns/0.000ns; real time: 4 secs 

Start NBR section for setup/hold timing optimization with effort level 3 at 00:59:37 07/16/24

Start NBR section for re-routing at 00:59:37 07/16/24
Level 4, iteration 1
0(0.00%) conflict; 0(0.00%) untouched conn; 0 (nbr) score; 
Estimated worst slack/total negative slack<setup>: 0.612ns/0.000ns; real time: 4 secs 

Start NBR section for post-routing at 00:59:37 07/16/24

End NBR router with 0 unrouted connection

NBR Summary
-----------
  Number of unrouted connections : 0 (0.00%)
  Number of connections with timing violations : 0 (0.00%)
  Estimated worst slack<setup> : 0.612ns
  Timing score<setup> : 0
-----------
Notes: The timing info is calculated for SETUP only and all PAR_ADJs are ignored.



Total CPU time 3 secs 
Total REAL time: 4 secs 
Completely routed.
End of route.  71 routed (100.00%); 0 unrouted.

Hold time timing score: 0, hold timing errors: 0

Timing score: 0 

Dumping design to file Blink_impl1.dir/5_1.ncd.


PAR_SUMMARY::Run status = Completed
PAR_SUMMARY::Number of unrouted conns = 0
PAR_SUMMARY::Worst  slack<setup/<ns>> = 0.612
PAR_SUMMARY::Timing score<setup/<ns>> = 0.000
PAR_SUMMARY::Worst  slack<hold /<ns>> = 0.177
PAR_SUMMARY::Timing score<hold /<ns>> = 0.000
PAR_SUMMARY::Number of errors = 0

Total CPU  time to completion: 3 secs 
Total REAL time to completion: 5 secs 

par done!

Note: user must run 'Trace' for timing closure signoff.

Copyright (c) 1991-1994 by NeoCAD Inc. All rights reserved.
Copyright (c) 1995 AT&T Corp.   All rights reserved.
Copyright (c) 1995-2001 Lucent Technologies Inc.  All rights reserved.
Copyright (c) 2001 Agere Systems   All rights reserved.
Copyright (c) 2002-2023 Lattice Semiconductor Corporation,  All rights reserved.
Exiting par with exit code 0
Exiting mpartrce with exit code 0

trce -f "Blink_impl1.pt" -o "Blink_impl1.twr" "Blink_impl1.ncd" "Blink_impl1.prf"
trce:  version Diamond (64-bit) 3.13.0.56.2

Copyright (c) 1991-1994 by NeoCAD Inc. All rights reserved.
Copyright (c) 1995 AT&T Corp.   All rights reserved.
Copyright (c) 1995-2001 Lucent Technologies Inc.  All rights reserved.
Copyright (c) 2001 Agere Systems   All rights reserved.
Copyright (c) 2002-2023 Lattice Semiconductor Corporation,  All rights reserved.

Loading design for application trce from file blink_impl1.ncd.
Design name: top
NCD version: 3.3
Vendor:      LATTICE
Device:      LFE5U-12F
Package:     CABGA381
Performance: 6
Loading device for application trce from file 'sa5p25.nph' in environment: C:/lscc/diamond/3.13/ispfpga.
Package Status:                     Final          Version 1.44.
Performance Hardware Data Status:   Final          Version 55.1.
Setup and Hold Report

--------------------------------------------------------------------------------
Lattice TRACE Report - Setup, Version Diamond (64-bit) 3.13.0.56.2
Tue Jul 16 00:59:38 2024

Copyright (c) 1991-1994 by NeoCAD Inc. All rights reserved.
Copyright (c) 1995 AT&T Corp.   All rights reserved.
Copyright (c) 1995-2001 Lucent Technologies Inc.  All rights reserved.
Copyright (c) 2001 Agere Systems   All rights reserved.
Copyright (c) 2002-2023 Lattice Semiconductor Corporation,  All rights reserved.

Report Information
------------------
Command line:    trce -v 10 -gt -sethld -sp 6 -sphld m -o Blink_impl1.twr -gui -msgset C:/Users/Borna/Documents/Projects/FPGA/Blink/promote.xml Blink_impl1.ncd Blink_impl1.prf 
Design file:     blink_impl1.ncd
Preference file: blink_impl1.prf
Device,speed:    LFE5U-12F,6
Report level:    verbose report, limited to 10 items per preference
--------------------------------------------------------------------------------

BLOCK ASYNCPATHS
BLOCK RESETPATHS
--------------------------------------------------------------------------------



Timing summary (Setup):
---------------

Timing errors: 0  Score: 0
Cumulative negative slack: 0

Constraints cover 22 paths, 2 nets, and 34 connections (47.89% coverage)

--------------------------------------------------------------------------------
Lattice TRACE Report - Hold, Version Diamond (64-bit) 3.13.0.56.2
Tue Jul 16 00:59:38 2024

Copyright (c) 1991-1994 by NeoCAD Inc. All rights reserved.
Copyright (c) 1995 AT&T Corp.   All rights reserved.
Copyright (c) 1995-2001 Lucent Technologies Inc.  All rights reserved.
Copyright (c) 2001 Agere Systems   All rights reserved.
Copyright (c) 2002-2023 Lattice Semiconductor Corporation,  All rights reserved.

Report Information
------------------
Command line:    trce -v 10 -gt -sethld -sp 6 -sphld m -o Blink_impl1.twr -gui -msgset C:/Users/Borna/Documents/Projects/FPGA/Blink/promote.xml Blink_impl1.ncd Blink_impl1.prf 
Design file:     blink_impl1.ncd
Preference file: blink_impl1.prf
Device,speed:    LFE5U-12F,m
Report level:    verbose report, limited to 10 items per preference
--------------------------------------------------------------------------------

BLOCK ASYNCPATHS
BLOCK RESETPATHS
--------------------------------------------------------------------------------



Timing summary (Hold):
---------------

Timing errors: 0  Score: 0
Cumulative negative slack: 0

Constraints cover 22 paths, 2 nets, and 34 connections (47.89% coverage)



Timing summary (Setup and Hold):
---------------

Timing errors: 0 (setup), 0 (hold)
Score: 0 (setup), 0 (hold)
Cumulative negative slack: 0 (0+0)
--------------------------------------------------------------------------------

--------------------------------------------------------------------------------

Total CPU Time: 0 secs 
Total REAL Time: 0 secs 
Peak Memory Usage: 163 MB


tmcheck -par "Blink_impl1.par" 

bitgen -w "Blink_impl1.ncd" -f "Blink_impl1.t2b" -e -s "C:/Users/Borna/Documents/Projects/FPGA/Blink/Blink.sec" -k "C:/Users/Borna/Documents/Projects/FPGA/Blink/Blink.bek" "Blink_impl1.prf"


BITGEN: Bitstream Generator Diamond (64-bit) 3.13.0.56.2
Copyright (c) 1991-1994 by NeoCAD Inc. All rights reserved.
Copyright (c) 1995 AT&T Corp.   All rights reserved.
Copyright (c) 1995-2001 Lucent Technologies Inc.  All rights reserved.
Copyright (c) 2001 Agere Systems   All rights reserved.
Copyright (c) 2002-2023 Lattice Semiconductor Corporation,  All rights reserved.


Loading design for application Bitgen from file Blink_impl1.ncd.
Design name: top
NCD version: 3.3
Vendor:      LATTICE
Device:      LFE5U-12F
Package:     CABGA381
Performance: 6
Loading device for application Bitgen from file 'sa5p25.nph' in environment: C:/lscc/diamond/3.13/ispfpga.
Package Status:                     Final          Version 1.44.
Performance Hardware Data Status:   Final          Version 55.1.

Running DRC.
DRC detected 0 errors and 0 warnings.
Reading Preference File from Blink_impl1.prf.
    <postMsg mid="1009992" type="Info"    dynamic="1" navigation="0" arg0=" SW_XO3D_SECURITY_ENCRYPTION *NOT* controlled by sa5p00.acd ###"  />
    <postMsg mid="1009992" type="Info"    dynamic="1" navigation="0" arg0=" SW_XO3D_SECURITY_ENCRYPTION license_securityIP OK"  />

Preference Summary:
+---------------------------------+---------------------------------+
|  Preference                     |  Current Setting                |
+---------------------------------+---------------------------------+
|                         RamCfg  |                        Reset**  |
+---------------------------------+---------------------------------+
|                        CfgMode  |                      Disable**  |
+---------------------------------+---------------------------------+
|                        DONE_EX  |                          OFF**  |
+---------------------------------+---------------------------------+
|                        DONE_OD  |                           ON**  |
+---------------------------------+---------------------------------+
|                     MCCLK_FREQ  |                             62  |
+---------------------------------+---------------------------------+
|                  CONFIG_SECURE  |                          OFF**  |
+---------------------------------+---------------------------------+
|                    CONFIG_MODE  |                         JTAG**  |
+---------------------------------+---------------------------------+
|                        WAKE_UP  |                           21**  |
+---------------------------------+---------------------------------+
|                          INBUF  |                          OFF**  |
+---------------------------------+---------------------------------+
|                             ES  |                           No**  |
+---------------------------------+---------------------------------+
|                 SLAVE_SPI_PORT  |                      DISABLE**  |
+---------------------------------+---------------------------------+
|                MASTER_SPI_PORT  |                         ENABLE  |
+---------------------------------+---------------------------------+
|                COMPRESS_CONFIG  |                             ON  |
+---------------------------------+---------------------------------+
|            BACKGROUND_RECONFIG  |                          OFF**  |
+---------------------------------+---------------------------------+
|                     DisableUES  |                        FALSE**  |
+---------------------------------+---------------------------------+
|            SLAVE_PARALLEL_PORT  |                      DISABLE**  |
+---------------------------------+---------------------------------+
|                      DONE_PULL  |                           ON**  |
+---------------------------------+---------------------------------+
|               CONFIG_IOVOLTAGE  |                            3.3  |
+---------------------------------+---------------------------------+
|                        TRANSFR  |                          OFF**  |
+---------------------------------+---------------------------------+
 *  Default setting.
 ** The specified setting matches the default setting.


Creating bit map...
 
Bitstream Status: Final           Version 10.27.
 
Saving bit stream in "Blink_impl1.bit".
Total CPU Time: 1 secs 
Total REAL Time: 2 secs 
Peak Memory Usage: 269 MB
