{
"Synplify Pro (R) Job Log" : {
	"Date" : "22:42:16    12-Jul-2024",
	"Working Directory" : "C:/Users/Borna/Documents/Projects/FPGA/Blink/impl1",
	"Install" : "C:/lscc/diamond/3.13/synpbase"
},
"impl1" :{
   "Start Time" : "22:42:05",
   "Runtime" : "11s",
   "Executable Run Time" : "10s",
   "synthesis" : {
      "Start Time" : "22:42:05",
      "Runtime" : "11s",
      "Executable Run Time" : "10s",
      "compile" : {
         "Start Time" : "22:42:05",
         "Runtime" : "07s",
         "Executable Run Time" : "06s",
         "compile_flow" : {
            "Start Time" : "22:42:05",
            "Runtime" : "04s",
            "Executable Run Time" : "03s",
            "compiler" : {
               "executable" : "bin64/c_hdl.exe",
               "Run Directory" : "C:/Users/Borna/Documents/Projects/FPGA/Blink/impl1",
               "Run State" : "Complete",
               "Return Code" : "0",
               "Has Errors" : "no",
               "Run Start Time" : "22:42:05",
               "Run Time" : "04s",
               "Exe Run Time" : "03s",
               "Memory Usage" : "-",
               "Up-to-date (run skipped)" : "no"
            },
            "multi_srs_gen" : {
               "executable" : "bin64/syn_nfilter.exe",
               "Run Directory" : "C:/Users/Borna/Documents/Projects/FPGA/Blink/impl1",
               "Run State" : "Complete",
               "Return Code" : "0",
               "Has Errors" : "no",
               "Run Start Time" : "22:42:09",
               "Run Time" : "00s",
               "Exe Run Time" : "00s",
               "Memory Usage" : "-",
               "Up-to-date (run skipped)" : "no"
            }
         },
         "premap" : {
            "executable" : "bin64/m_gen_lattice.exe",
            "Run Directory" : "C:/Users/Borna/Documents/Projects/FPGA/Blink/impl1",
            "Run State" : "Complete",
            "Return Code" : "0",
            "Has Errors" : "no",
            "Run Start Time" : "22:42:09",
            "Run Time" : "03s",
            "Exe Run Time" : "03s",
            "Memory Usage" : "-",
            "Up-to-date (run skipped)" : "no"
         }
      },
      "map" : {
         "Start Time" : "22:42:12",
         "Runtime" : "04s",
         "Executable Run Time" : "04s",
         "fpga_mapper" : {
            "executable" : "bin64/m_gen_lattice.exe",
            "Run Directory" : "C:/Users/Borna/Documents/Projects/FPGA/Blink/impl1",
            "Run State" : "Complete",
            "Return Code" : "1",
            "Has Errors" : "no",
            "Run Start Time" : "22:42:12",
            "Run Time" : "04s",
            "Exe Run Time" : "04s",
            "Memory Usage" : "-",
            "Up-to-date (run skipped)" : "no"
         }
      }
   }
}
}