
Copyright (C) 1994-2023 Synopsys, Inc.
This Synopsys software and all associated documentation are proprietary to Synopsys, Inc.
and may only be used pursuant to the terms and conditions of a written license agreement
with Synopsys, Inc. All other use, reproduction, modification, or distribution of the
Synopsys software or the associated documentation is strictly prohibited.
Tool: Synplify Pro (R)
Build: U-2023.03L-SP1
Install: C:\lscc\diamond\3.13\synpbase
OS: Windows 10 or later
Hostname: LAPTOP-QU1A9358

Implementation : syn_results
Synopsys HDL compiler and linker, Version comp202303synp1, Build 155R, Built Aug 10 2023 09:42:17, @

Modified Files: 8
FID:  path (prevtimestamp, timestamp)
0        C:\Users\Borna\Documents\Projects\FPGA\Blink\pll\lvdsClk\lvdsClk.v (N/A, 2024-07-12 22:38:45)
1        C:\lscc\diamond\3.13\cae_library\synthesis\verilog\ecp5u.v (N/A, 2021-02-24 23:38:14)
2        C:\lscc\diamond\3.13\cae_library\synthesis\verilog\pmi_def.v (N/A, 2023-09-19 19:06:22)
3        C:\lscc\diamond\3.13\synpbase\lib\lucent\ecp5u.v (N/A, 2023-08-10 11:56:40)
4        C:\lscc\diamond\3.13\synpbase\lib\lucent\pmi_def.v (N/A, 2023-08-10 11:56:42)
5        C:\lscc\diamond\3.13\synpbase\lib\vlog\hypermods.v (N/A, 2023-08-10 09:32:12)
6        C:\lscc\diamond\3.13\synpbase\lib\vlog\scemi_objects.v (N/A, 2023-08-10 09:32:12)
7        C:\lscc\diamond\3.13\synpbase\lib\vlog\scemi_pipes.svh (N/A, 2023-08-10 09:32:12)

*******************************************************************
Modules that may have changed as a result of file changes: 180
MID:  lib.cell.view
0        work.ALU24A.verilog may have changed because the following files changed:
                        C:\Users\Borna\Documents\Projects\FPGA\Blink\pll\lvdsClk\lvdsClk.v (N/A, 2024-07-12 22:38:45) <-- (may instantiate this module)
                        C:\lscc\diamond\3.13\cae_library\synthesis\verilog\ecp5u.v (N/A, 2021-02-24 23:38:14) <-- (module definition)
1        work.ALU24B.verilog may have changed because the following files changed:
                        C:\Users\Borna\Documents\Projects\FPGA\Blink\pll\lvdsClk\lvdsClk.v (N/A, 2024-07-12 22:38:45) <-- (may instantiate this module)
                        C:\lscc\diamond\3.13\cae_library\synthesis\verilog\ecp5u.v (N/A, 2021-02-24 23:38:14) <-- (module definition)
2        work.ALU54A.verilog may have changed because the following files changed:
                        C:\Users\Borna\Documents\Projects\FPGA\Blink\pll\lvdsClk\lvdsClk.v (N/A, 2024-07-12 22:38:45) <-- (may instantiate this module)
                        C:\lscc\diamond\3.13\cae_library\synthesis\verilog\ecp5u.v (N/A, 2021-02-24 23:38:14) <-- (module definition)
3        work.ALU54B.verilog may have changed because the following files changed:
                        C:\Users\Borna\Documents\Projects\FPGA\Blink\pll\lvdsClk\lvdsClk.v (N/A, 2024-07-12 22:38:45) <-- (may instantiate this module)
                        C:\lscc\diamond\3.13\cae_library\synthesis\verilog\ecp5u.v (N/A, 2021-02-24 23:38:14) <-- (module definition)
4        work.AND2.verilog may have changed because the following files changed:
                        C:\Users\Borna\Documents\Projects\FPGA\Blink\pll\lvdsClk\lvdsClk.v (N/A, 2024-07-12 22:38:45) <-- (may instantiate this module)
                        C:\lscc\diamond\3.13\cae_library\synthesis\verilog\ecp5u.v (N/A, 2021-02-24 23:38:14) <-- (module definition)
5        work.AND3.verilog may have changed because the following files changed:
                        C:\Users\Borna\Documents\Projects\FPGA\Blink\pll\lvdsClk\lvdsClk.v (N/A, 2024-07-12 22:38:45) <-- (may instantiate this module)
                        C:\lscc\diamond\3.13\cae_library\synthesis\verilog\ecp5u.v (N/A, 2021-02-24 23:38:14) <-- (module definition)
6        work.AND4.verilog may have changed because the following files changed:
                        C:\Users\Borna\Documents\Projects\FPGA\Blink\pll\lvdsClk\lvdsClk.v (N/A, 2024-07-12 22:38:45) <-- (may instantiate this module)
                        C:\lscc\diamond\3.13\cae_library\synthesis\verilog\ecp5u.v (N/A, 2021-02-24 23:38:14) <-- (module definition)
7        work.AND5.verilog may have changed because the following files changed:
                        C:\Users\Borna\Documents\Projects\FPGA\Blink\pll\lvdsClk\lvdsClk.v (N/A, 2024-07-12 22:38:45) <-- (may instantiate this module)
                        C:\lscc\diamond\3.13\cae_library\synthesis\verilog\ecp5u.v (N/A, 2021-02-24 23:38:14) <-- (module definition)
8        work.BB.verilog may have changed because the following files changed:
                        C:\Users\Borna\Documents\Projects\FPGA\Blink\pll\lvdsClk\lvdsClk.v (N/A, 2024-07-12 22:38:45) <-- (may instantiate this module)
                        C:\lscc\diamond\3.13\cae_library\synthesis\verilog\ecp5u.v (N/A, 2021-02-24 23:38:14) <-- (module definition)
9        work.BBPD.verilog may have changed because the following files changed:
                        C:\Users\Borna\Documents\Projects\FPGA\Blink\pll\lvdsClk\lvdsClk.v (N/A, 2024-07-12 22:38:45) <-- (may instantiate this module)
                        C:\lscc\diamond\3.13\cae_library\synthesis\verilog\ecp5u.v (N/A, 2021-02-24 23:38:14) <-- (module definition)
10       work.BBPU.verilog may have changed because the following files changed:
                        C:\Users\Borna\Documents\Projects\FPGA\Blink\pll\lvdsClk\lvdsClk.v (N/A, 2024-07-12 22:38:45) <-- (may instantiate this module)
                        C:\lscc\diamond\3.13\cae_library\synthesis\verilog\ecp5u.v (N/A, 2021-02-24 23:38:14) <-- (module definition)
11       work.BCINRD.verilog may have changed because the following files changed:
                        C:\Users\Borna\Documents\Projects\FPGA\Blink\pll\lvdsClk\lvdsClk.v (N/A, 2024-07-12 22:38:45) <-- (may instantiate this module)
                        C:\lscc\diamond\3.13\cae_library\synthesis\verilog\ecp5u.v (N/A, 2021-02-24 23:38:14) <-- (module definition)
12       work.BCLVDSOB.verilog may have changed because the following files changed:
                        C:\Users\Borna\Documents\Projects\FPGA\Blink\pll\lvdsClk\lvdsClk.v (N/A, 2024-07-12 22:38:45) <-- (may instantiate this module)
                        C:\lscc\diamond\3.13\cae_library\synthesis\verilog\ecp5u.v (N/A, 2021-02-24 23:38:14) <-- (module definition)
13       work.CCU2C.verilog may have changed because the following files changed:
                        C:\Users\Borna\Documents\Projects\FPGA\Blink\pll\lvdsClk\lvdsClk.v (N/A, 2024-07-12 22:38:45) <-- (may instantiate this module)
                        C:\lscc\diamond\3.13\cae_library\synthesis\verilog\ecp5u.v (N/A, 2021-02-24 23:38:14) <-- (module definition)
14       work.CLKDIVF.verilog may have changed because the following files changed:
                        C:\Users\Borna\Documents\Projects\FPGA\Blink\pll\lvdsClk\lvdsClk.v (N/A, 2024-07-12 22:38:45) <-- (may instantiate this module)
                        C:\lscc\diamond\3.13\cae_library\synthesis\verilog\ecp5u.v (N/A, 2021-02-24 23:38:14) <-- (module definition)
15       work.DCCA.verilog may have changed because the following files changed:
                        C:\Users\Borna\Documents\Projects\FPGA\Blink\pll\lvdsClk\lvdsClk.v (N/A, 2024-07-12 22:38:45) <-- (may instantiate this module)
                        C:\lscc\diamond\3.13\cae_library\synthesis\verilog\ecp5u.v (N/A, 2021-02-24 23:38:14) <-- (module definition)
16       work.DCSC.verilog may have changed because the following files changed:
                        C:\Users\Borna\Documents\Projects\FPGA\Blink\pll\lvdsClk\lvdsClk.v (N/A, 2024-07-12 22:38:45) <-- (may instantiate this module)
                        C:\lscc\diamond\3.13\cae_library\synthesis\verilog\ecp5u.v (N/A, 2021-02-24 23:38:14) <-- (module definition)
17       work.DCUA.verilog may have changed because the following files changed:
                        C:\Users\Borna\Documents\Projects\FPGA\Blink\pll\lvdsClk\lvdsClk.v (N/A, 2024-07-12 22:38:45) <-- (may instantiate this module)
                        C:\lscc\diamond\3.13\cae_library\synthesis\verilog\ecp5u.v (N/A, 2021-02-24 23:38:14) <-- (module definition)
18       work.DDRDLLA.verilog may have changed because the following files changed:
                        C:\Users\Borna\Documents\Projects\FPGA\Blink\pll\lvdsClk\lvdsClk.v (N/A, 2024-07-12 22:38:45) <-- (may instantiate this module)
                        C:\lscc\diamond\3.13\cae_library\synthesis\verilog\ecp5u.v (N/A, 2021-02-24 23:38:14) <-- (module definition)
19       work.DELAYF.verilog may have changed because the following files changed:
                        C:\Users\Borna\Documents\Projects\FPGA\Blink\pll\lvdsClk\lvdsClk.v (N/A, 2024-07-12 22:38:45) <-- (may instantiate this module)
                        C:\lscc\diamond\3.13\cae_library\synthesis\verilog\ecp5u.v (N/A, 2021-02-24 23:38:14) <-- (module definition)
20       work.DELAYG.verilog may have changed because the following files changed:
                        C:\Users\Borna\Documents\Projects\FPGA\Blink\pll\lvdsClk\lvdsClk.v (N/A, 2024-07-12 22:38:45) <-- (may instantiate this module)
                        C:\lscc\diamond\3.13\cae_library\synthesis\verilog\ecp5u.v (N/A, 2021-02-24 23:38:14) <-- (module definition)
21       work.DLLDELD.verilog may have changed because the following files changed:
                        C:\Users\Borna\Documents\Projects\FPGA\Blink\pll\lvdsClk\lvdsClk.v (N/A, 2024-07-12 22:38:45) <-- (may instantiate this module)
                        C:\lscc\diamond\3.13\cae_library\synthesis\verilog\ecp5u.v (N/A, 2021-02-24 23:38:14) <-- (module definition)
22       work.DP16KD.verilog may have changed because the following files changed:
                        C:\Users\Borna\Documents\Projects\FPGA\Blink\pll\lvdsClk\lvdsClk.v (N/A, 2024-07-12 22:38:45) <-- (may instantiate this module)
                        C:\lscc\diamond\3.13\cae_library\synthesis\verilog\ecp5u.v (N/A, 2021-02-24 23:38:14) <-- (module definition)
23       work.DPR16X4C.verilog may have changed because the following files changed:
                        C:\Users\Borna\Documents\Projects\FPGA\Blink\pll\lvdsClk\lvdsClk.v (N/A, 2024-07-12 22:38:45) <-- (may instantiate this module)
                        C:\lscc\diamond\3.13\cae_library\synthesis\verilog\ecp5u.v (N/A, 2021-02-24 23:38:14) <-- (module definition)
24       work.DQSBUFM.verilog may have changed because the following files changed:
                        C:\Users\Borna\Documents\Projects\FPGA\Blink\pll\lvdsClk\lvdsClk.v (N/A, 2024-07-12 22:38:45) <-- (may instantiate this module)
                        C:\lscc\diamond\3.13\cae_library\synthesis\verilog\ecp5u.v (N/A, 2021-02-24 23:38:14) <-- (module definition)
25       work.DTR.verilog may have changed because the following files changed:
                        C:\Users\Borna\Documents\Projects\FPGA\Blink\pll\lvdsClk\lvdsClk.v (N/A, 2024-07-12 22:38:45) <-- (may instantiate this module)
                        C:\lscc\diamond\3.13\cae_library\synthesis\verilog\ecp5u.v (N/A, 2021-02-24 23:38:14) <-- (module definition)
26       work.ECLKBRIDGECS.verilog may have changed because the following files changed:
                        C:\Users\Borna\Documents\Projects\FPGA\Blink\pll\lvdsClk\lvdsClk.v (N/A, 2024-07-12 22:38:45) <-- (may instantiate this module)
                        C:\lscc\diamond\3.13\cae_library\synthesis\verilog\ecp5u.v (N/A, 2021-02-24 23:38:14) <-- (module definition)
27       work.ECLKSYNCB.verilog may have changed because the following files changed:
                        C:\Users\Borna\Documents\Projects\FPGA\Blink\pll\lvdsClk\lvdsClk.v (N/A, 2024-07-12 22:38:45) <-- (may instantiate this module)
                        C:\lscc\diamond\3.13\cae_library\synthesis\verilog\ecp5u.v (N/A, 2021-02-24 23:38:14) <-- (module definition)
28       work.EHXPLLL.verilog may have changed because the following files changed:
                        C:\Users\Borna\Documents\Projects\FPGA\Blink\pll\lvdsClk\lvdsClk.v (N/A, 2024-07-12 22:38:45) <-- (may instantiate this module)
                        C:\lscc\diamond\3.13\cae_library\synthesis\verilog\ecp5u.v (N/A, 2021-02-24 23:38:14) <-- (module definition)
29       work.EXTREFB.verilog may have changed because the following files changed:
                        C:\Users\Borna\Documents\Projects\FPGA\Blink\pll\lvdsClk\lvdsClk.v (N/A, 2024-07-12 22:38:45) <-- (may instantiate this module)
                        C:\lscc\diamond\3.13\cae_library\synthesis\verilog\ecp5u.v (N/A, 2021-02-24 23:38:14) <-- (module definition)
30       work.FD1P3AX.verilog may have changed because the following files changed:
                        C:\Users\Borna\Documents\Projects\FPGA\Blink\pll\lvdsClk\lvdsClk.v (N/A, 2024-07-12 22:38:45) <-- (may instantiate this module)
                        C:\lscc\diamond\3.13\cae_library\synthesis\verilog\ecp5u.v (N/A, 2021-02-24 23:38:14) <-- (module definition)
31       work.FD1P3AY.verilog may have changed because the following files changed:
                        C:\Users\Borna\Documents\Projects\FPGA\Blink\pll\lvdsClk\lvdsClk.v (N/A, 2024-07-12 22:38:45) <-- (may instantiate this module)
                        C:\lscc\diamond\3.13\cae_library\synthesis\verilog\ecp5u.v (N/A, 2021-02-24 23:38:14) <-- (module definition)
32       work.FD1P3BX.verilog may have changed because the following files changed:
                        C:\Users\Borna\Documents\Projects\FPGA\Blink\pll\lvdsClk\lvdsClk.v (N/A, 2024-07-12 22:38:45) <-- (may instantiate this module)
                        C:\lscc\diamond\3.13\cae_library\synthesis\verilog\ecp5u.v (N/A, 2021-02-24 23:38:14) <-- (module definition)
33       work.FD1P3DX.verilog may have changed because the following files changed:
                        C:\Users\Borna\Documents\Projects\FPGA\Blink\pll\lvdsClk\lvdsClk.v (N/A, 2024-07-12 22:38:45) <-- (may instantiate this module)
                        C:\lscc\diamond\3.13\cae_library\synthesis\verilog\ecp5u.v (N/A, 2021-02-24 23:38:14) <-- (module definition)
34       work.FD1P3IX.verilog may have changed because the following files changed:
                        C:\Users\Borna\Documents\Projects\FPGA\Blink\pll\lvdsClk\lvdsClk.v (N/A, 2024-07-12 22:38:45) <-- (may instantiate this module)
                        C:\lscc\diamond\3.13\cae_library\synthesis\verilog\ecp5u.v (N/A, 2021-02-24 23:38:14) <-- (module definition)
35       work.FD1P3JX.verilog may have changed because the following files changed:
                        C:\Users\Borna\Documents\Projects\FPGA\Blink\pll\lvdsClk\lvdsClk.v (N/A, 2024-07-12 22:38:45) <-- (may instantiate this module)
                        C:\lscc\diamond\3.13\cae_library\synthesis\verilog\ecp5u.v (N/A, 2021-02-24 23:38:14) <-- (module definition)
36       work.FD1S3AX.verilog may have changed because the following files changed:
                        C:\Users\Borna\Documents\Projects\FPGA\Blink\pll\lvdsClk\lvdsClk.v (N/A, 2024-07-12 22:38:45) <-- (may instantiate this module)
                        C:\lscc\diamond\3.13\cae_library\synthesis\verilog\ecp5u.v (N/A, 2021-02-24 23:38:14) <-- (module definition)
37       work.FD1S3AY.verilog may have changed because the following files changed:
                        C:\Users\Borna\Documents\Projects\FPGA\Blink\pll\lvdsClk\lvdsClk.v (N/A, 2024-07-12 22:38:45) <-- (may instantiate this module)
                        C:\lscc\diamond\3.13\cae_library\synthesis\verilog\ecp5u.v (N/A, 2021-02-24 23:38:14) <-- (module definition)
38       work.FD1S3BX.verilog may have changed because the following files changed:
                        C:\Users\Borna\Documents\Projects\FPGA\Blink\pll\lvdsClk\lvdsClk.v (N/A, 2024-07-12 22:38:45) <-- (may instantiate this module)
                        C:\lscc\diamond\3.13\cae_library\synthesis\verilog\ecp5u.v (N/A, 2021-02-24 23:38:14) <-- (module definition)
39       work.FD1S3DX.verilog may have changed because the following files changed:
                        C:\Users\Borna\Documents\Projects\FPGA\Blink\pll\lvdsClk\lvdsClk.v (N/A, 2024-07-12 22:38:45) <-- (may instantiate this module)
                        C:\lscc\diamond\3.13\cae_library\synthesis\verilog\ecp5u.v (N/A, 2021-02-24 23:38:14) <-- (module definition)
40       work.FD1S3IX.verilog may have changed because the following files changed:
                        C:\Users\Borna\Documents\Projects\FPGA\Blink\pll\lvdsClk\lvdsClk.v (N/A, 2024-07-12 22:38:45) <-- (may instantiate this module)
                        C:\lscc\diamond\3.13\cae_library\synthesis\verilog\ecp5u.v (N/A, 2021-02-24 23:38:14) <-- (module definition)
41       work.FD1S3JX.verilog may have changed because the following files changed:
                        C:\Users\Borna\Documents\Projects\FPGA\Blink\pll\lvdsClk\lvdsClk.v (N/A, 2024-07-12 22:38:45) <-- (may instantiate this module)
                        C:\lscc\diamond\3.13\cae_library\synthesis\verilog\ecp5u.v (N/A, 2021-02-24 23:38:14) <-- (module definition)
42       work.FL1P3AY.verilog may have changed because the following files changed:
                        C:\Users\Borna\Documents\Projects\FPGA\Blink\pll\lvdsClk\lvdsClk.v (N/A, 2024-07-12 22:38:45) <-- (may instantiate this module)
                        C:\lscc\diamond\3.13\cae_library\synthesis\verilog\ecp5u.v (N/A, 2021-02-24 23:38:14) <-- (module definition)
43       work.FL1P3AZ.verilog may have changed because the following files changed:
                        C:\Users\Borna\Documents\Projects\FPGA\Blink\pll\lvdsClk\lvdsClk.v (N/A, 2024-07-12 22:38:45) <-- (may instantiate this module)
                        C:\lscc\diamond\3.13\cae_library\synthesis\verilog\ecp5u.v (N/A, 2021-02-24 23:38:14) <-- (module definition)
44       work.FL1P3BX.verilog may have changed because the following files changed:
                        C:\Users\Borna\Documents\Projects\FPGA\Blink\pll\lvdsClk\lvdsClk.v (N/A, 2024-07-12 22:38:45) <-- (may instantiate this module)
                        C:\lscc\diamond\3.13\cae_library\synthesis\verilog\ecp5u.v (N/A, 2021-02-24 23:38:14) <-- (module definition)
45       work.FL1P3DX.verilog may have changed because the following files changed:
                        C:\Users\Borna\Documents\Projects\FPGA\Blink\pll\lvdsClk\lvdsClk.v (N/A, 2024-07-12 22:38:45) <-- (may instantiate this module)
                        C:\lscc\diamond\3.13\cae_library\synthesis\verilog\ecp5u.v (N/A, 2021-02-24 23:38:14) <-- (module definition)
46       work.FL1P3IY.verilog may have changed because the following files changed:
                        C:\Users\Borna\Documents\Projects\FPGA\Blink\pll\lvdsClk\lvdsClk.v (N/A, 2024-07-12 22:38:45) <-- (may instantiate this module)
                        C:\lscc\diamond\3.13\cae_library\synthesis\verilog\ecp5u.v (N/A, 2021-02-24 23:38:14) <-- (module definition)
47       work.FL1P3JY.verilog may have changed because the following files changed:
                        C:\Users\Borna\Documents\Projects\FPGA\Blink\pll\lvdsClk\lvdsClk.v (N/A, 2024-07-12 22:38:45) <-- (may instantiate this module)
                        C:\lscc\diamond\3.13\cae_library\synthesis\verilog\ecp5u.v (N/A, 2021-02-24 23:38:14) <-- (module definition)
48       work.FL1S3AX.verilog may have changed because the following files changed:
                        C:\Users\Borna\Documents\Projects\FPGA\Blink\pll\lvdsClk\lvdsClk.v (N/A, 2024-07-12 22:38:45) <-- (may instantiate this module)
                        C:\lscc\diamond\3.13\cae_library\synthesis\verilog\ecp5u.v (N/A, 2021-02-24 23:38:14) <-- (module definition)
49       work.FL1S3AY.verilog may have changed because the following files changed:
                        C:\Users\Borna\Documents\Projects\FPGA\Blink\pll\lvdsClk\lvdsClk.v (N/A, 2024-07-12 22:38:45) <-- (may instantiate this module)
                        C:\lscc\diamond\3.13\cae_library\synthesis\verilog\ecp5u.v (N/A, 2021-02-24 23:38:14) <-- (module definition)
50       work.GSR.verilog may have changed because the following files changed:
                        C:\Users\Borna\Documents\Projects\FPGA\Blink\pll\lvdsClk\lvdsClk.v (N/A, 2024-07-12 22:38:45) <-- (may instantiate this module)
                        C:\lscc\diamond\3.13\cae_library\synthesis\verilog\ecp5u.v (N/A, 2021-02-24 23:38:14) <-- (module definition)
51       work.IB.verilog may have changed because the following files changed:
                        C:\Users\Borna\Documents\Projects\FPGA\Blink\pll\lvdsClk\lvdsClk.v (N/A, 2024-07-12 22:38:45) <-- (may instantiate this module)
                        C:\lscc\diamond\3.13\cae_library\synthesis\verilog\ecp5u.v (N/A, 2021-02-24 23:38:14) <-- (module definition)
52       work.IBPD.verilog may have changed because the following files changed:
                        C:\Users\Borna\Documents\Projects\FPGA\Blink\pll\lvdsClk\lvdsClk.v (N/A, 2024-07-12 22:38:45) <-- (may instantiate this module)
                        C:\lscc\diamond\3.13\cae_library\synthesis\verilog\ecp5u.v (N/A, 2021-02-24 23:38:14) <-- (module definition)
53       work.IBPU.verilog may have changed because the following files changed:
                        C:\Users\Borna\Documents\Projects\FPGA\Blink\pll\lvdsClk\lvdsClk.v (N/A, 2024-07-12 22:38:45) <-- (may instantiate this module)
                        C:\lscc\diamond\3.13\cae_library\synthesis\verilog\ecp5u.v (N/A, 2021-02-24 23:38:14) <-- (module definition)
54       work.IDDR71B.verilog may have changed because the following files changed:
                        C:\Users\Borna\Documents\Projects\FPGA\Blink\pll\lvdsClk\lvdsClk.v (N/A, 2024-07-12 22:38:45) <-- (may instantiate this module)
                        C:\lscc\diamond\3.13\cae_library\synthesis\verilog\ecp5u.v (N/A, 2021-02-24 23:38:14) <-- (module definition)
55       work.IDDRX1F.verilog may have changed because the following files changed:
                        C:\Users\Borna\Documents\Projects\FPGA\Blink\pll\lvdsClk\lvdsClk.v (N/A, 2024-07-12 22:38:45) <-- (may instantiate this module)
                        C:\lscc\diamond\3.13\cae_library\synthesis\verilog\ecp5u.v (N/A, 2021-02-24 23:38:14) <-- (module definition)
56       work.IDDRX2DQA.verilog may have changed because the following files changed:
                        C:\Users\Borna\Documents\Projects\FPGA\Blink\pll\lvdsClk\lvdsClk.v (N/A, 2024-07-12 22:38:45) <-- (may instantiate this module)
                        C:\lscc\diamond\3.13\cae_library\synthesis\verilog\ecp5u.v (N/A, 2021-02-24 23:38:14) <-- (module definition)
57       work.IDDRX2F.verilog may have changed because the following files changed:
                        C:\Users\Borna\Documents\Projects\FPGA\Blink\pll\lvdsClk\lvdsClk.v (N/A, 2024-07-12 22:38:45) <-- (may instantiate this module)
                        C:\lscc\diamond\3.13\cae_library\synthesis\verilog\ecp5u.v (N/A, 2021-02-24 23:38:14) <-- (module definition)
58       work.IFS1P3BX.verilog may have changed because the following files changed:
                        C:\Users\Borna\Documents\Projects\FPGA\Blink\pll\lvdsClk\lvdsClk.v (N/A, 2024-07-12 22:38:45) <-- (may instantiate this module)
                        C:\lscc\diamond\3.13\cae_library\synthesis\verilog\ecp5u.v (N/A, 2021-02-24 23:38:14) <-- (module definition)
59       work.IFS1P3DX.verilog may have changed because the following files changed:
                        C:\Users\Borna\Documents\Projects\FPGA\Blink\pll\lvdsClk\lvdsClk.v (N/A, 2024-07-12 22:38:45) <-- (may instantiate this module)
                        C:\lscc\diamond\3.13\cae_library\synthesis\verilog\ecp5u.v (N/A, 2021-02-24 23:38:14) <-- (module definition)
60       work.IFS1P3IX.verilog may have changed because the following files changed:
                        C:\Users\Borna\Documents\Projects\FPGA\Blink\pll\lvdsClk\lvdsClk.v (N/A, 2024-07-12 22:38:45) <-- (may instantiate this module)
                        C:\lscc\diamond\3.13\cae_library\synthesis\verilog\ecp5u.v (N/A, 2021-02-24 23:38:14) <-- (module definition)
61       work.IFS1P3JX.verilog may have changed because the following files changed:
                        C:\Users\Borna\Documents\Projects\FPGA\Blink\pll\lvdsClk\lvdsClk.v (N/A, 2024-07-12 22:38:45) <-- (may instantiate this module)
                        C:\lscc\diamond\3.13\cae_library\synthesis\verilog\ecp5u.v (N/A, 2021-02-24 23:38:14) <-- (module definition)
62       work.IFS1S1B.verilog may have changed because the following files changed:
                        C:\Users\Borna\Documents\Projects\FPGA\Blink\pll\lvdsClk\lvdsClk.v (N/A, 2024-07-12 22:38:45) <-- (may instantiate this module)
                        C:\lscc\diamond\3.13\cae_library\synthesis\verilog\ecp5u.v (N/A, 2021-02-24 23:38:14) <-- (module definition)
63       work.IFS1S1D.verilog may have changed because the following files changed:
                        C:\Users\Borna\Documents\Projects\FPGA\Blink\pll\lvdsClk\lvdsClk.v (N/A, 2024-07-12 22:38:45) <-- (may instantiate this module)
                        C:\lscc\diamond\3.13\cae_library\synthesis\verilog\ecp5u.v (N/A, 2021-02-24 23:38:14) <-- (module definition)
64       work.IFS1S1I.verilog may have changed because the following files changed:
                        C:\Users\Borna\Documents\Projects\FPGA\Blink\pll\lvdsClk\lvdsClk.v (N/A, 2024-07-12 22:38:45) <-- (may instantiate this module)
                        C:\lscc\diamond\3.13\cae_library\synthesis\verilog\ecp5u.v (N/A, 2021-02-24 23:38:14) <-- (module definition)
65       work.IFS1S1J.verilog may have changed because the following files changed:
                        C:\Users\Borna\Documents\Projects\FPGA\Blink\pll\lvdsClk\lvdsClk.v (N/A, 2024-07-12 22:38:45) <-- (may instantiate this module)
                        C:\lscc\diamond\3.13\cae_library\synthesis\verilog\ecp5u.v (N/A, 2021-02-24 23:38:14) <-- (module definition)
66       work.ILVDS.verilog may have changed because the following files changed:
                        C:\Users\Borna\Documents\Projects\FPGA\Blink\pll\lvdsClk\lvdsClk.v (N/A, 2024-07-12 22:38:45) <-- (may instantiate this module)
                        C:\lscc\diamond\3.13\cae_library\synthesis\verilog\ecp5u.v (N/A, 2021-02-24 23:38:14) <-- (module definition)
67       work.IMIPI.verilog may have changed because the following files changed:
                        C:\Users\Borna\Documents\Projects\FPGA\Blink\pll\lvdsClk\lvdsClk.v (N/A, 2024-07-12 22:38:45) <-- (may instantiate this module)
                        C:\lscc\diamond\3.13\cae_library\synthesis\verilog\ecp5u.v (N/A, 2021-02-24 23:38:14) <-- (module definition)
68       work.INRDB.verilog may have changed because the following files changed:
                        C:\Users\Borna\Documents\Projects\FPGA\Blink\pll\lvdsClk\lvdsClk.v (N/A, 2024-07-12 22:38:45) <-- (may instantiate this module)
                        C:\lscc\diamond\3.13\cae_library\synthesis\verilog\ecp5u.v (N/A, 2021-02-24 23:38:14) <-- (module definition)
69       work.INV.verilog may have changed because the following files changed:
                        C:\Users\Borna\Documents\Projects\FPGA\Blink\pll\lvdsClk\lvdsClk.v (N/A, 2024-07-12 22:38:45) <-- (may instantiate this module)
                        C:\lscc\diamond\3.13\cae_library\synthesis\verilog\ecp5u.v (N/A, 2021-02-24 23:38:14) <-- (module definition)
70       work.JTAGG.verilog may have changed because the following files changed:
                        C:\Users\Borna\Documents\Projects\FPGA\Blink\pll\lvdsClk\lvdsClk.v (N/A, 2024-07-12 22:38:45) <-- (may instantiate this module)
                        C:\lscc\diamond\3.13\cae_library\synthesis\verilog\ecp5u.v (N/A, 2021-02-24 23:38:14) <-- (module definition)
71       work.L6MUX21.verilog may have changed because the following files changed:
                        C:\Users\Borna\Documents\Projects\FPGA\Blink\pll\lvdsClk\lvdsClk.v (N/A, 2024-07-12 22:38:45) <-- (may instantiate this module)
                        C:\lscc\diamond\3.13\cae_library\synthesis\verilog\ecp5u.v (N/A, 2021-02-24 23:38:14) <-- (module definition)
72       work.LUT4.verilog may have changed because the following files changed:
                        C:\Users\Borna\Documents\Projects\FPGA\Blink\pll\lvdsClk\lvdsClk.v (N/A, 2024-07-12 22:38:45) <-- (may instantiate this module)
                        C:\lscc\diamond\3.13\cae_library\synthesis\verilog\ecp5u.v (N/A, 2021-02-24 23:38:14) <-- (module definition)
73       work.LUT5.verilog may have changed because the following files changed:
                        C:\Users\Borna\Documents\Projects\FPGA\Blink\pll\lvdsClk\lvdsClk.v (N/A, 2024-07-12 22:38:45) <-- (may instantiate this module)
                        C:\lscc\diamond\3.13\cae_library\synthesis\verilog\ecp5u.v (N/A, 2021-02-24 23:38:14) <-- (module definition)
74       work.LUT6.verilog may have changed because the following files changed:
                        C:\Users\Borna\Documents\Projects\FPGA\Blink\pll\lvdsClk\lvdsClk.v (N/A, 2024-07-12 22:38:45) <-- (may instantiate this module)
                        C:\lscc\diamond\3.13\cae_library\synthesis\verilog\ecp5u.v (N/A, 2021-02-24 23:38:14) <-- (module definition)
75       work.LUT7.verilog may have changed because the following files changed:
                        C:\Users\Borna\Documents\Projects\FPGA\Blink\pll\lvdsClk\lvdsClk.v (N/A, 2024-07-12 22:38:45) <-- (may instantiate this module)
                        C:\lscc\diamond\3.13\cae_library\synthesis\verilog\ecp5u.v (N/A, 2021-02-24 23:38:14) <-- (module definition)
76       work.LUT8.verilog may have changed because the following files changed:
                        C:\Users\Borna\Documents\Projects\FPGA\Blink\pll\lvdsClk\lvdsClk.v (N/A, 2024-07-12 22:38:45) <-- (may instantiate this module)
                        C:\lscc\diamond\3.13\cae_library\synthesis\verilog\ecp5u.v (N/A, 2021-02-24 23:38:14) <-- (module definition)
77       work.LVDSOB.verilog may have changed because the following files changed:
                        C:\Users\Borna\Documents\Projects\FPGA\Blink\pll\lvdsClk\lvdsClk.v (N/A, 2024-07-12 22:38:45) <-- (may instantiate this module)
                        C:\lscc\diamond\3.13\cae_library\synthesis\verilog\ecp5u.v (N/A, 2021-02-24 23:38:14) <-- (module definition)
78       work.MULT18X18C.verilog may have changed because the following files changed:
                        C:\Users\Borna\Documents\Projects\FPGA\Blink\pll\lvdsClk\lvdsClk.v (N/A, 2024-07-12 22:38:45) <-- (may instantiate this module)
                        C:\lscc\diamond\3.13\cae_library\synthesis\verilog\ecp5u.v (N/A, 2021-02-24 23:38:14) <-- (module definition)
79       work.MULT18X18D.verilog may have changed because the following files changed:
                        C:\Users\Borna\Documents\Projects\FPGA\Blink\pll\lvdsClk\lvdsClk.v (N/A, 2024-07-12 22:38:45) <-- (may instantiate this module)
                        C:\lscc\diamond\3.13\cae_library\synthesis\verilog\ecp5u.v (N/A, 2021-02-24 23:38:14) <-- (module definition)
80       work.MULT9X9C.verilog may have changed because the following files changed:
                        C:\Users\Borna\Documents\Projects\FPGA\Blink\pll\lvdsClk\lvdsClk.v (N/A, 2024-07-12 22:38:45) <-- (may instantiate this module)
                        C:\lscc\diamond\3.13\cae_library\synthesis\verilog\ecp5u.v (N/A, 2021-02-24 23:38:14) <-- (module definition)
81       work.MULT9X9D.verilog may have changed because the following files changed:
                        C:\Users\Borna\Documents\Projects\FPGA\Blink\pll\lvdsClk\lvdsClk.v (N/A, 2024-07-12 22:38:45) <-- (may instantiate this module)
                        C:\lscc\diamond\3.13\cae_library\synthesis\verilog\ecp5u.v (N/A, 2021-02-24 23:38:14) <-- (module definition)
82       work.MUX161.verilog may have changed because the following files changed:
                        C:\Users\Borna\Documents\Projects\FPGA\Blink\pll\lvdsClk\lvdsClk.v (N/A, 2024-07-12 22:38:45) <-- (may instantiate this module)
                        C:\lscc\diamond\3.13\cae_library\synthesis\verilog\ecp5u.v (N/A, 2021-02-24 23:38:14) <-- (module definition)
83       work.MUX21.verilog may have changed because the following files changed:
                        C:\Users\Borna\Documents\Projects\FPGA\Blink\pll\lvdsClk\lvdsClk.v (N/A, 2024-07-12 22:38:45) <-- (may instantiate this module)
                        C:\lscc\diamond\3.13\cae_library\synthesis\verilog\ecp5u.v (N/A, 2021-02-24 23:38:14) <-- (module definition)
84       work.MUX321.verilog may have changed because the following files changed:
                        C:\Users\Borna\Documents\Projects\FPGA\Blink\pll\lvdsClk\lvdsClk.v (N/A, 2024-07-12 22:38:45) <-- (may instantiate this module)
                        C:\lscc\diamond\3.13\cae_library\synthesis\verilog\ecp5u.v (N/A, 2021-02-24 23:38:14) <-- (module definition)
85       work.MUX41.verilog may have changed because the following files changed:
                        C:\Users\Borna\Documents\Projects\FPGA\Blink\pll\lvdsClk\lvdsClk.v (N/A, 2024-07-12 22:38:45) <-- (may instantiate this module)
                        C:\lscc\diamond\3.13\cae_library\synthesis\verilog\ecp5u.v (N/A, 2021-02-24 23:38:14) <-- (module definition)
86       work.MUX81.verilog may have changed because the following files changed:
                        C:\Users\Borna\Documents\Projects\FPGA\Blink\pll\lvdsClk\lvdsClk.v (N/A, 2024-07-12 22:38:45) <-- (may instantiate this module)
                        C:\lscc\diamond\3.13\cae_library\synthesis\verilog\ecp5u.v (N/A, 2021-02-24 23:38:14) <-- (module definition)
87       work.ND2.verilog may have changed because the following files changed:
                        C:\Users\Borna\Documents\Projects\FPGA\Blink\pll\lvdsClk\lvdsClk.v (N/A, 2024-07-12 22:38:45) <-- (may instantiate this module)
                        C:\lscc\diamond\3.13\cae_library\synthesis\verilog\ecp5u.v (N/A, 2021-02-24 23:38:14) <-- (module definition)
88       work.ND3.verilog may have changed because the following files changed:
                        C:\Users\Borna\Documents\Projects\FPGA\Blink\pll\lvdsClk\lvdsClk.v (N/A, 2024-07-12 22:38:45) <-- (may instantiate this module)
                        C:\lscc\diamond\3.13\cae_library\synthesis\verilog\ecp5u.v (N/A, 2021-02-24 23:38:14) <-- (module definition)
89       work.ND4.verilog may have changed because the following files changed:
                        C:\Users\Borna\Documents\Projects\FPGA\Blink\pll\lvdsClk\lvdsClk.v (N/A, 2024-07-12 22:38:45) <-- (may instantiate this module)
                        C:\lscc\diamond\3.13\cae_library\synthesis\verilog\ecp5u.v (N/A, 2021-02-24 23:38:14) <-- (module definition)
90       work.ND5.verilog may have changed because the following files changed:
                        C:\Users\Borna\Documents\Projects\FPGA\Blink\pll\lvdsClk\lvdsClk.v (N/A, 2024-07-12 22:38:45) <-- (may instantiate this module)
                        C:\lscc\diamond\3.13\cae_library\synthesis\verilog\ecp5u.v (N/A, 2021-02-24 23:38:14) <-- (module definition)
91       work.NR2.verilog may have changed because the following files changed:
                        C:\Users\Borna\Documents\Projects\FPGA\Blink\pll\lvdsClk\lvdsClk.v (N/A, 2024-07-12 22:38:45) <-- (may instantiate this module)
                        C:\lscc\diamond\3.13\cae_library\synthesis\verilog\ecp5u.v (N/A, 2021-02-24 23:38:14) <-- (module definition)
92       work.NR3.verilog may have changed because the following files changed:
                        C:\Users\Borna\Documents\Projects\FPGA\Blink\pll\lvdsClk\lvdsClk.v (N/A, 2024-07-12 22:38:45) <-- (may instantiate this module)
                        C:\lscc\diamond\3.13\cae_library\synthesis\verilog\ecp5u.v (N/A, 2021-02-24 23:38:14) <-- (module definition)
93       work.NR4.verilog may have changed because the following files changed:
                        C:\Users\Borna\Documents\Projects\FPGA\Blink\pll\lvdsClk\lvdsClk.v (N/A, 2024-07-12 22:38:45) <-- (may instantiate this module)
                        C:\lscc\diamond\3.13\cae_library\synthesis\verilog\ecp5u.v (N/A, 2021-02-24 23:38:14) <-- (module definition)
94       work.NR5.verilog may have changed because the following files changed:
                        C:\Users\Borna\Documents\Projects\FPGA\Blink\pll\lvdsClk\lvdsClk.v (N/A, 2024-07-12 22:38:45) <-- (may instantiate this module)
                        C:\lscc\diamond\3.13\cae_library\synthesis\verilog\ecp5u.v (N/A, 2021-02-24 23:38:14) <-- (module definition)
95       work.OB.verilog may have changed because the following files changed:
                        C:\Users\Borna\Documents\Projects\FPGA\Blink\pll\lvdsClk\lvdsClk.v (N/A, 2024-07-12 22:38:45) <-- (may instantiate this module)
                        C:\lscc\diamond\3.13\cae_library\synthesis\verilog\ecp5u.v (N/A, 2021-02-24 23:38:14) <-- (module definition)
96       work.OBCO.verilog may have changed because the following files changed:
                        C:\Users\Borna\Documents\Projects\FPGA\Blink\pll\lvdsClk\lvdsClk.v (N/A, 2024-07-12 22:38:45) <-- (may instantiate this module)
                        C:\lscc\diamond\3.13\cae_library\synthesis\verilog\ecp5u.v (N/A, 2021-02-24 23:38:14) <-- (module definition)
97       work.OBZ.verilog may have changed because the following files changed:
                        C:\Users\Borna\Documents\Projects\FPGA\Blink\pll\lvdsClk\lvdsClk.v (N/A, 2024-07-12 22:38:45) <-- (may instantiate this module)
                        C:\lscc\diamond\3.13\cae_library\synthesis\verilog\ecp5u.v (N/A, 2021-02-24 23:38:14) <-- (module definition)
98       work.OBZPU.verilog may have changed because the following files changed:
                        C:\Users\Borna\Documents\Projects\FPGA\Blink\pll\lvdsClk\lvdsClk.v (N/A, 2024-07-12 22:38:45) <-- (may instantiate this module)
                        C:\lscc\diamond\3.13\cae_library\synthesis\verilog\ecp5u.v (N/A, 2021-02-24 23:38:14) <-- (module definition)
99       work.ODDR71B.verilog may have changed because the following files changed:
                        C:\Users\Borna\Documents\Projects\FPGA\Blink\pll\lvdsClk\lvdsClk.v (N/A, 2024-07-12 22:38:45) <-- (may instantiate this module)
                        C:\lscc\diamond\3.13\cae_library\synthesis\verilog\ecp5u.v (N/A, 2021-02-24 23:38:14) <-- (module definition)
100      work.ODDRX1F.verilog may have changed because the following files changed:
                        C:\Users\Borna\Documents\Projects\FPGA\Blink\pll\lvdsClk\lvdsClk.v (N/A, 2024-07-12 22:38:45) <-- (may instantiate this module)
                        C:\lscc\diamond\3.13\cae_library\synthesis\verilog\ecp5u.v (N/A, 2021-02-24 23:38:14) <-- (module definition)
101      work.ODDRX2DQA.verilog may have changed because the following files changed:
                        C:\Users\Borna\Documents\Projects\FPGA\Blink\pll\lvdsClk\lvdsClk.v (N/A, 2024-07-12 22:38:45) <-- (may instantiate this module)
                        C:\lscc\diamond\3.13\cae_library\synthesis\verilog\ecp5u.v (N/A, 2021-02-24 23:38:14) <-- (module definition)
102      work.ODDRX2DQSB.verilog may have changed because the following files changed:
                        C:\Users\Borna\Documents\Projects\FPGA\Blink\pll\lvdsClk\lvdsClk.v (N/A, 2024-07-12 22:38:45) <-- (may instantiate this module)
                        C:\lscc\diamond\3.13\cae_library\synthesis\verilog\ecp5u.v (N/A, 2021-02-24 23:38:14) <-- (module definition)
103      work.ODDRX2F.verilog may have changed because the following files changed:
                        C:\Users\Borna\Documents\Projects\FPGA\Blink\pll\lvdsClk\lvdsClk.v (N/A, 2024-07-12 22:38:45) <-- (may instantiate this module)
                        C:\lscc\diamond\3.13\cae_library\synthesis\verilog\ecp5u.v (N/A, 2021-02-24 23:38:14) <-- (module definition)
104      work.OFS1P3BX.verilog may have changed because the following files changed:
                        C:\Users\Borna\Documents\Projects\FPGA\Blink\pll\lvdsClk\lvdsClk.v (N/A, 2024-07-12 22:38:45) <-- (may instantiate this module)
                        C:\lscc\diamond\3.13\cae_library\synthesis\verilog\ecp5u.v (N/A, 2021-02-24 23:38:14) <-- (module definition)
105      work.OFS1P3DX.verilog may have changed because the following files changed:
                        C:\Users\Borna\Documents\Projects\FPGA\Blink\pll\lvdsClk\lvdsClk.v (N/A, 2024-07-12 22:38:45) <-- (may instantiate this module)
                        C:\lscc\diamond\3.13\cae_library\synthesis\verilog\ecp5u.v (N/A, 2021-02-24 23:38:14) <-- (module definition)
106      work.OFS1P3IX.verilog may have changed because the following files changed:
                        C:\Users\Borna\Documents\Projects\FPGA\Blink\pll\lvdsClk\lvdsClk.v (N/A, 2024-07-12 22:38:45) <-- (may instantiate this module)
                        C:\lscc\diamond\3.13\cae_library\synthesis\verilog\ecp5u.v (N/A, 2021-02-24 23:38:14) <-- (module definition)
107      work.OFS1P3JX.verilog may have changed because the following files changed:
                        C:\Users\Borna\Documents\Projects\FPGA\Blink\pll\lvdsClk\lvdsClk.v (N/A, 2024-07-12 22:38:45) <-- (may instantiate this module)
                        C:\lscc\diamond\3.13\cae_library\synthesis\verilog\ecp5u.v (N/A, 2021-02-24 23:38:14) <-- (module definition)
108      work.OLVDS.verilog may have changed because the following files changed:
                        C:\Users\Borna\Documents\Projects\FPGA\Blink\pll\lvdsClk\lvdsClk.v (N/A, 2024-07-12 22:38:45) <-- (may instantiate this module)
                        C:\lscc\diamond\3.13\cae_library\synthesis\verilog\ecp5u.v (N/A, 2021-02-24 23:38:14) <-- (module definition)
109      work.OR2.verilog may have changed because the following files changed:
                        C:\Users\Borna\Documents\Projects\FPGA\Blink\pll\lvdsClk\lvdsClk.v (N/A, 2024-07-12 22:38:45) <-- (may instantiate this module)
                        C:\lscc\diamond\3.13\cae_library\synthesis\verilog\ecp5u.v (N/A, 2021-02-24 23:38:14) <-- (module definition)
110      work.OR3.verilog may have changed because the following files changed:
                        C:\Users\Borna\Documents\Projects\FPGA\Blink\pll\lvdsClk\lvdsClk.v (N/A, 2024-07-12 22:38:45) <-- (may instantiate this module)
                        C:\lscc\diamond\3.13\cae_library\synthesis\verilog\ecp5u.v (N/A, 2021-02-24 23:38:14) <-- (module definition)
111      work.OR4.verilog may have changed because the following files changed:
                        C:\Users\Borna\Documents\Projects\FPGA\Blink\pll\lvdsClk\lvdsClk.v (N/A, 2024-07-12 22:38:45) <-- (may instantiate this module)
                        C:\lscc\diamond\3.13\cae_library\synthesis\verilog\ecp5u.v (N/A, 2021-02-24 23:38:14) <-- (module definition)
112      work.OR5.verilog may have changed because the following files changed:
                        C:\Users\Borna\Documents\Projects\FPGA\Blink\pll\lvdsClk\lvdsClk.v (N/A, 2024-07-12 22:38:45) <-- (may instantiate this module)
                        C:\lscc\diamond\3.13\cae_library\synthesis\verilog\ecp5u.v (N/A, 2021-02-24 23:38:14) <-- (module definition)
113      work.OSCG.verilog may have changed because the following files changed:
                        C:\Users\Borna\Documents\Projects\FPGA\Blink\pll\lvdsClk\lvdsClk.v (N/A, 2024-07-12 22:38:45) <-- (may instantiate this module)
                        C:\lscc\diamond\3.13\cae_library\synthesis\verilog\ecp5u.v (N/A, 2021-02-24 23:38:14) <-- (module definition)
114      work.OSHX2A.verilog may have changed because the following files changed:
                        C:\Users\Borna\Documents\Projects\FPGA\Blink\pll\lvdsClk\lvdsClk.v (N/A, 2024-07-12 22:38:45) <-- (may instantiate this module)
                        C:\lscc\diamond\3.13\cae_library\synthesis\verilog\ecp5u.v (N/A, 2021-02-24 23:38:14) <-- (module definition)
115      work.PCSCLKDIV.verilog may have changed because the following files changed:
                        C:\Users\Borna\Documents\Projects\FPGA\Blink\pll\lvdsClk\lvdsClk.v (N/A, 2024-07-12 22:38:45) <-- (may instantiate this module)
                        C:\lscc\diamond\3.13\cae_library\synthesis\verilog\ecp5u.v (N/A, 2021-02-24 23:38:14) <-- (module definition)
116      work.PDPW16KD.verilog may have changed because the following files changed:
                        C:\Users\Borna\Documents\Projects\FPGA\Blink\pll\lvdsClk\lvdsClk.v (N/A, 2024-07-12 22:38:45) <-- (may instantiate this module)
                        C:\lscc\diamond\3.13\cae_library\synthesis\verilog\ecp5u.v (N/A, 2021-02-24 23:38:14) <-- (module definition)
117      work.PFUMX.verilog may have changed because the following files changed:
                        C:\Users\Borna\Documents\Projects\FPGA\Blink\pll\lvdsClk\lvdsClk.v (N/A, 2024-07-12 22:38:45) <-- (may instantiate this module)
                        C:\lscc\diamond\3.13\cae_library\synthesis\verilog\ecp5u.v (N/A, 2021-02-24 23:38:14) <-- (module definition)
118      work.PLLREFCS.verilog may have changed because the following files changed:
                        C:\Users\Borna\Documents\Projects\FPGA\Blink\pll\lvdsClk\lvdsClk.v (N/A, 2024-07-12 22:38:45) <-- (may instantiate this module)
                        C:\lscc\diamond\3.13\cae_library\synthesis\verilog\ecp5u.v (N/A, 2021-02-24 23:38:14) <-- (module definition)
119      work.PRADD18A.verilog may have changed because the following files changed:
                        C:\Users\Borna\Documents\Projects\FPGA\Blink\pll\lvdsClk\lvdsClk.v (N/A, 2024-07-12 22:38:45) <-- (may instantiate this module)
                        C:\lscc\diamond\3.13\cae_library\synthesis\verilog\ecp5u.v (N/A, 2021-02-24 23:38:14) <-- (module definition)
120      work.PRADD9A.verilog may have changed because the following files changed:
                        C:\Users\Borna\Documents\Projects\FPGA\Blink\pll\lvdsClk\lvdsClk.v (N/A, 2024-07-12 22:38:45) <-- (may instantiate this module)
                        C:\lscc\diamond\3.13\cae_library\synthesis\verilog\ecp5u.v (N/A, 2021-02-24 23:38:14) <-- (module definition)
121      work.PUR.verilog may have changed because the following files changed:
                        C:\Users\Borna\Documents\Projects\FPGA\Blink\pll\lvdsClk\lvdsClk.v (N/A, 2024-07-12 22:38:45) <-- (may instantiate this module)
                        C:\lscc\diamond\3.13\cae_library\synthesis\verilog\ecp5u.v (N/A, 2021-02-24 23:38:14) <-- (module definition)
122      work.ROM128X1A.verilog may have changed because the following files changed:
                        C:\Users\Borna\Documents\Projects\FPGA\Blink\pll\lvdsClk\lvdsClk.v (N/A, 2024-07-12 22:38:45) <-- (may instantiate this module)
                        C:\lscc\diamond\3.13\cae_library\synthesis\verilog\ecp5u.v (N/A, 2021-02-24 23:38:14) <-- (module definition)
123      work.ROM16X1A.verilog may have changed because the following files changed:
                        C:\Users\Borna\Documents\Projects\FPGA\Blink\pll\lvdsClk\lvdsClk.v (N/A, 2024-07-12 22:38:45) <-- (may instantiate this module)
                        C:\lscc\diamond\3.13\cae_library\synthesis\verilog\ecp5u.v (N/A, 2021-02-24 23:38:14) <-- (module definition)
124      work.ROM256X1A.verilog may have changed because the following files changed:
                        C:\Users\Borna\Documents\Projects\FPGA\Blink\pll\lvdsClk\lvdsClk.v (N/A, 2024-07-12 22:38:45) <-- (may instantiate this module)
                        C:\lscc\diamond\3.13\cae_library\synthesis\verilog\ecp5u.v (N/A, 2021-02-24 23:38:14) <-- (module definition)
125      work.ROM32X1A.verilog may have changed because the following files changed:
                        C:\Users\Borna\Documents\Projects\FPGA\Blink\pll\lvdsClk\lvdsClk.v (N/A, 2024-07-12 22:38:45) <-- (may instantiate this module)
                        C:\lscc\diamond\3.13\cae_library\synthesis\verilog\ecp5u.v (N/A, 2021-02-24 23:38:14) <-- (module definition)
126      work.ROM64X1A.verilog may have changed because the following files changed:
                        C:\Users\Borna\Documents\Projects\FPGA\Blink\pll\lvdsClk\lvdsClk.v (N/A, 2024-07-12 22:38:45) <-- (may instantiate this module)
                        C:\lscc\diamond\3.13\cae_library\synthesis\verilog\ecp5u.v (N/A, 2021-02-24 23:38:14) <-- (module definition)
127      work.SEDGA.verilog may have changed because the following files changed:
                        C:\Users\Borna\Documents\Projects\FPGA\Blink\pll\lvdsClk\lvdsClk.v (N/A, 2024-07-12 22:38:45) <-- (may instantiate this module)
                        C:\lscc\diamond\3.13\cae_library\synthesis\verilog\ecp5u.v (N/A, 2021-02-24 23:38:14) <-- (module definition)
128      work.SGSR.verilog may have changed because the following files changed:
                        C:\Users\Borna\Documents\Projects\FPGA\Blink\pll\lvdsClk\lvdsClk.v (N/A, 2024-07-12 22:38:45) <-- (may instantiate this module)
                        C:\lscc\diamond\3.13\cae_library\synthesis\verilog\ecp5u.v (N/A, 2021-02-24 23:38:14) <-- (module definition)
129      work.SPR16X4C.verilog may have changed because the following files changed:
                        C:\Users\Borna\Documents\Projects\FPGA\Blink\pll\lvdsClk\lvdsClk.v (N/A, 2024-07-12 22:38:45) <-- (may instantiate this module)
                        C:\lscc\diamond\3.13\cae_library\synthesis\verilog\ecp5u.v (N/A, 2021-02-24 23:38:14) <-- (module definition)
130      work.START.verilog may have changed because the following files changed:
                        C:\Users\Borna\Documents\Projects\FPGA\Blink\pll\lvdsClk\lvdsClk.v (N/A, 2024-07-12 22:38:45) <-- (may instantiate this module)
                        C:\lscc\diamond\3.13\cae_library\synthesis\verilog\ecp5u.v (N/A, 2021-02-24 23:38:14) <-- (module definition)
131      work.TSHX2DQA.verilog may have changed because the following files changed:
                        C:\Users\Borna\Documents\Projects\FPGA\Blink\pll\lvdsClk\lvdsClk.v (N/A, 2024-07-12 22:38:45) <-- (may instantiate this module)
                        C:\lscc\diamond\3.13\cae_library\synthesis\verilog\ecp5u.v (N/A, 2021-02-24 23:38:14) <-- (module definition)
132      work.TSHX2DQSA.verilog may have changed because the following files changed:
                        C:\Users\Borna\Documents\Projects\FPGA\Blink\pll\lvdsClk\lvdsClk.v (N/A, 2024-07-12 22:38:45) <-- (may instantiate this module)
                        C:\lscc\diamond\3.13\cae_library\synthesis\verilog\ecp5u.v (N/A, 2021-02-24 23:38:14) <-- (module definition)
133      work.USRMCLK.verilog may have changed because the following files changed:
                        C:\Users\Borna\Documents\Projects\FPGA\Blink\pll\lvdsClk\lvdsClk.v (N/A, 2024-07-12 22:38:45) <-- (may instantiate this module)
                        C:\lscc\diamond\3.13\cae_library\synthesis\verilog\ecp5u.v (N/A, 2021-02-24 23:38:14) <-- (module definition)
134      work.VHI.verilog may have changed because the following files changed:
                        C:\Users\Borna\Documents\Projects\FPGA\Blink\pll\lvdsClk\lvdsClk.v (N/A, 2024-07-12 22:38:45) <-- (may instantiate this module)
                        C:\lscc\diamond\3.13\cae_library\synthesis\verilog\ecp5u.v (N/A, 2021-02-24 23:38:14) <-- (module definition)
135      work.VLO.verilog may have changed because the following files changed:
                        C:\Users\Borna\Documents\Projects\FPGA\Blink\pll\lvdsClk\lvdsClk.v (N/A, 2024-07-12 22:38:45) <-- (may instantiate this module)
                        C:\lscc\diamond\3.13\cae_library\synthesis\verilog\ecp5u.v (N/A, 2021-02-24 23:38:14) <-- (module definition)
136      work.XNOR2.verilog may have changed because the following files changed:
                        C:\Users\Borna\Documents\Projects\FPGA\Blink\pll\lvdsClk\lvdsClk.v (N/A, 2024-07-12 22:38:45) <-- (may instantiate this module)
                        C:\lscc\diamond\3.13\cae_library\synthesis\verilog\ecp5u.v (N/A, 2021-02-24 23:38:14) <-- (module definition)
137      work.XNOR3.verilog may have changed because the following files changed:
                        C:\Users\Borna\Documents\Projects\FPGA\Blink\pll\lvdsClk\lvdsClk.v (N/A, 2024-07-12 22:38:45) <-- (may instantiate this module)
                        C:\lscc\diamond\3.13\cae_library\synthesis\verilog\ecp5u.v (N/A, 2021-02-24 23:38:14) <-- (module definition)
138      work.XNOR4.verilog may have changed because the following files changed:
                        C:\Users\Borna\Documents\Projects\FPGA\Blink\pll\lvdsClk\lvdsClk.v (N/A, 2024-07-12 22:38:45) <-- (may instantiate this module)
                        C:\lscc\diamond\3.13\cae_library\synthesis\verilog\ecp5u.v (N/A, 2021-02-24 23:38:14) <-- (module definition)
139      work.XNOR5.verilog may have changed because the following files changed:
                        C:\Users\Borna\Documents\Projects\FPGA\Blink\pll\lvdsClk\lvdsClk.v (N/A, 2024-07-12 22:38:45) <-- (may instantiate this module)
                        C:\lscc\diamond\3.13\cae_library\synthesis\verilog\ecp5u.v (N/A, 2021-02-24 23:38:14) <-- (module definition)
140      work.XOR11.verilog may have changed because the following files changed:
                        C:\Users\Borna\Documents\Projects\FPGA\Blink\pll\lvdsClk\lvdsClk.v (N/A, 2024-07-12 22:38:45) <-- (may instantiate this module)
                        C:\lscc\diamond\3.13\cae_library\synthesis\verilog\ecp5u.v (N/A, 2021-02-24 23:38:14) <-- (module definition)
141      work.XOR2.verilog may have changed because the following files changed:
                        C:\Users\Borna\Documents\Projects\FPGA\Blink\pll\lvdsClk\lvdsClk.v (N/A, 2024-07-12 22:38:45) <-- (may instantiate this module)
                        C:\lscc\diamond\3.13\cae_library\synthesis\verilog\ecp5u.v (N/A, 2021-02-24 23:38:14) <-- (module definition)
142      work.XOR21.verilog may have changed because the following files changed:
                        C:\Users\Borna\Documents\Projects\FPGA\Blink\pll\lvdsClk\lvdsClk.v (N/A, 2024-07-12 22:38:45) <-- (may instantiate this module)
                        C:\lscc\diamond\3.13\cae_library\synthesis\verilog\ecp5u.v (N/A, 2021-02-24 23:38:14) <-- (module definition)
143      work.XOR3.verilog may have changed because the following files changed:
                        C:\Users\Borna\Documents\Projects\FPGA\Blink\pll\lvdsClk\lvdsClk.v (N/A, 2024-07-12 22:38:45) <-- (may instantiate this module)
                        C:\lscc\diamond\3.13\cae_library\synthesis\verilog\ecp5u.v (N/A, 2021-02-24 23:38:14) <-- (module definition)
144      work.XOR4.verilog may have changed because the following files changed:
                        C:\Users\Borna\Documents\Projects\FPGA\Blink\pll\lvdsClk\lvdsClk.v (N/A, 2024-07-12 22:38:45) <-- (may instantiate this module)
                        C:\lscc\diamond\3.13\cae_library\synthesis\verilog\ecp5u.v (N/A, 2021-02-24 23:38:14) <-- (module definition)
145      work.XOR5.verilog may have changed because the following files changed:
                        C:\Users\Borna\Documents\Projects\FPGA\Blink\pll\lvdsClk\lvdsClk.v (N/A, 2024-07-12 22:38:45) <-- (may instantiate this module)
                        C:\lscc\diamond\3.13\cae_library\synthesis\verilog\ecp5u.v (N/A, 2021-02-24 23:38:14) <-- (module definition)
146      work.jtagconn16.verilog may have changed because the following files changed:
                        C:\lscc\diamond\3.13\cae_library\synthesis\verilog\pmi_def.v (N/A, 2023-09-19 19:06:22) <-- (module definition)
147      work.jtaghub16.verilog may have changed because the following files changed:
                        C:\lscc\diamond\3.13\cae_library\synthesis\verilog\pmi_def.v (N/A, 2023-09-19 19:06:22) <-- (module definition)
148      work.lvdsClk.verilog may have changed because the following files changed:
                        C:\Users\Borna\Documents\Projects\FPGA\Blink\pll\lvdsClk\lvdsClk.v (N/A, 2024-07-12 22:38:45) <-- (module definition)
149      work.pmi_add.verilog may have changed because the following files changed:
                        C:\lscc\diamond\3.13\cae_library\synthesis\verilog\pmi_def.v (N/A, 2023-09-19 19:06:22) <-- (module definition)
150      work.pmi_addsub.verilog may have changed because the following files changed:
                        C:\lscc\diamond\3.13\cae_library\synthesis\verilog\pmi_def.v (N/A, 2023-09-19 19:06:22) <-- (module definition)
151      work.pmi_complex_mult.verilog may have changed because the following files changed:
                        C:\lscc\diamond\3.13\cae_library\synthesis\verilog\pmi_def.v (N/A, 2023-09-19 19:06:22) <-- (module definition)
152      work.pmi_constant_mult.verilog may have changed because the following files changed:
                        C:\lscc\diamond\3.13\cae_library\synthesis\verilog\pmi_def.v (N/A, 2023-09-19 19:06:22) <-- (module definition)
153      work.pmi_counter.verilog may have changed because the following files changed:
                        C:\lscc\diamond\3.13\cae_library\synthesis\verilog\pmi_def.v (N/A, 2023-09-19 19:06:22) <-- (module definition)
154      work.pmi_distributed_dpram.verilog may have changed because the following files changed:
                        C:\lscc\diamond\3.13\cae_library\synthesis\verilog\pmi_def.v (N/A, 2023-09-19 19:06:22) <-- (module definition)
155      work.pmi_distributed_rom.verilog may have changed because the following files changed:
                        C:\lscc\diamond\3.13\cae_library\synthesis\verilog\pmi_def.v (N/A, 2023-09-19 19:06:22) <-- (module definition)
156      work.pmi_distributed_shift_reg.verilog may have changed because the following files changed:
                        C:\lscc\diamond\3.13\cae_library\synthesis\verilog\pmi_def.v (N/A, 2023-09-19 19:06:22) <-- (module definition)
157      work.pmi_distributed_spram.verilog may have changed because the following files changed:
                        C:\lscc\diamond\3.13\cae_library\synthesis\verilog\pmi_def.v (N/A, 2023-09-19 19:06:22) <-- (module definition)
158      work.pmi_dsp_casmultaddsub.verilog may have changed because the following files changed:
                        C:\lscc\diamond\3.13\cae_library\synthesis\verilog\pmi_def.v (N/A, 2023-09-19 19:06:22) <-- (module definition)
159      work.pmi_dsp_mac.verilog may have changed because the following files changed:
                        C:\lscc\diamond\3.13\cae_library\synthesis\verilog\pmi_def.v (N/A, 2023-09-19 19:06:22) <-- (module definition)
160      work.pmi_dsp_mult.verilog may have changed because the following files changed:
                        C:\lscc\diamond\3.13\cae_library\synthesis\verilog\pmi_def.v (N/A, 2023-09-19 19:06:22) <-- (module definition)
161      work.pmi_dsp_multaddsub.verilog may have changed because the following files changed:
                        C:\lscc\diamond\3.13\cae_library\synthesis\verilog\pmi_def.v (N/A, 2023-09-19 19:06:22) <-- (module definition)
162      work.pmi_dsp_multaddsubsum.verilog may have changed because the following files changed:
                        C:\lscc\diamond\3.13\cae_library\synthesis\verilog\pmi_def.v (N/A, 2023-09-19 19:06:22) <-- (module definition)
163      work.pmi_dsp_preadd_slice.verilog may have changed because the following files changed:
                        C:\lscc\diamond\3.13\cae_library\synthesis\verilog\pmi_def.v (N/A, 2023-09-19 19:06:22) <-- (module definition)
164      work.pmi_fifo.verilog may have changed because the following files changed:
                        C:\lscc\diamond\3.13\cae_library\synthesis\verilog\pmi_def.v (N/A, 2023-09-19 19:06:22) <-- (module definition)
165      work.pmi_fifo_dc.verilog may have changed because the following files changed:
                        C:\lscc\diamond\3.13\cae_library\synthesis\verilog\pmi_def.v (N/A, 2023-09-19 19:06:22) <-- (module definition)
166      work.pmi_mac.verilog may have changed because the following files changed:
                        C:\lscc\diamond\3.13\cae_library\synthesis\verilog\pmi_def.v (N/A, 2023-09-19 19:06:22) <-- (module definition)
167      work.pmi_mult.verilog may have changed because the following files changed:
                        C:\lscc\diamond\3.13\cae_library\synthesis\verilog\pmi_def.v (N/A, 2023-09-19 19:06:22) <-- (module definition)
168      work.pmi_multaddsub.verilog may have changed because the following files changed:
                        C:\lscc\diamond\3.13\cae_library\synthesis\verilog\pmi_def.v (N/A, 2023-09-19 19:06:22) <-- (module definition)
169      work.pmi_multaddsubsum.verilog may have changed because the following files changed:
                        C:\lscc\diamond\3.13\cae_library\synthesis\verilog\pmi_def.v (N/A, 2023-09-19 19:06:22) <-- (module definition)
170      work.pmi_pll.verilog may have changed because the following files changed:
                        C:\lscc\diamond\3.13\cae_library\synthesis\verilog\pmi_def.v (N/A, 2023-09-19 19:06:22) <-- (module definition)
171      work.pmi_pll_fp.verilog may have changed because the following files changed:
                        C:\lscc\diamond\3.13\cae_library\synthesis\verilog\pmi_def.v (N/A, 2023-09-19 19:06:22) <-- (module definition)
172      work.pmi_ram_dp.verilog may have changed because the following files changed:
                        C:\lscc\diamond\3.13\cae_library\synthesis\verilog\pmi_def.v (N/A, 2023-09-19 19:06:22) <-- (module definition)
173      work.pmi_ram_dp_be.verilog may have changed because the following files changed:
                        C:\lscc\diamond\3.13\cae_library\synthesis\verilog\pmi_def.v (N/A, 2023-09-19 19:06:22) <-- (module definition)
174      work.pmi_ram_dp_true.verilog may have changed because the following files changed:
                        C:\lscc\diamond\3.13\cae_library\synthesis\verilog\pmi_def.v (N/A, 2023-09-19 19:06:22) <-- (module definition)
175      work.pmi_ram_dp_true_be.verilog may have changed because the following files changed:
                        C:\lscc\diamond\3.13\cae_library\synthesis\verilog\pmi_def.v (N/A, 2023-09-19 19:06:22) <-- (module definition)
176      work.pmi_ram_dq.verilog may have changed because the following files changed:
                        C:\lscc\diamond\3.13\cae_library\synthesis\verilog\pmi_def.v (N/A, 2023-09-19 19:06:22) <-- (module definition)
177      work.pmi_ram_dq_be.verilog may have changed because the following files changed:
                        C:\lscc\diamond\3.13\cae_library\synthesis\verilog\pmi_def.v (N/A, 2023-09-19 19:06:22) <-- (module definition)
178      work.pmi_rom.verilog may have changed because the following files changed:
                        C:\lscc\diamond\3.13\cae_library\synthesis\verilog\pmi_def.v (N/A, 2023-09-19 19:06:22) <-- (module definition)
179      work.pmi_sub.verilog may have changed because the following files changed:
                        C:\lscc\diamond\3.13\cae_library\synthesis\verilog\pmi_def.v (N/A, 2023-09-19 19:06:22) <-- (module definition)

*******************************************************************
Unmodified files: 0
FID:  path (timestamp)

*******************************************************************
Unchanged modules: 0
MID:  lib.cell.view
